CRITICAL - 2022-03-24 08:25:22 --> Invalid file: contents/admin/js/profil_js.php
#0 C:\xampp\htdocs\project\ci4starterkit\system\View\View.php(198): CodeIgniter\Exceptions\FrameworkException::forInvalidFile('contents/admin/...')
#1 C:\xampp\htdocs\project\ci4starterkit\system\Common.php(1089): CodeIgniter\View\View->render('contents/admin/...', Array, true)
#2 C:\xampp\htdocs\project\ci4starterkit\app\Views\contents\admin\users\profil.php(66): view('contents/admin/...')
#3 C:\xampp\htdocs\project\ci4starterkit\system\View\View.php(210): include('C:\\xampp\\htdocs...')
#4 C:\xampp\htdocs\project\ci4starterkit\system\View\View.php(213): CodeIgniter\View\View->CodeIgniter\View\{closure}()
#5 C:\xampp\htdocs\project\ci4starterkit\system\Common.php(1089): CodeIgniter\View\View->render('contents/admin/...', Array, true)
#6 C:\xampp\htdocs\project\ci4starterkit\app\Views\layouts\admin.php(49): view('contents/admin/...')
#7 C:\xampp\htdocs\project\ci4starterkit\system\View\View.php(210): include('C:\\xampp\\htdocs...')
#8 C:\xampp\htdocs\project\ci4starterkit\system\View\View.php(213): CodeIgniter\View\View->CodeIgniter\View\{closure}()
#9 C:\xampp\htdocs\project\ci4starterkit\system\Common.php(1089): CodeIgniter\View\View->render('layouts/admin', Array, true)
#10 C:\xampp\htdocs\project\ci4starterkit\app\Controllers\admin\Users.php(24): view('layouts/admin', Array)
#11 C:\xampp\htdocs\project\ci4starterkit\system\CodeIgniter.php(832): App\Controllers\Admin\Users->profil()
#12 C:\xampp\htdocs\project\ci4starterkit\system\CodeIgniter.php(419): CodeIgniter\CodeIgniter->runController(Object(App\Controllers\Admin\Users))
#13 C:\xampp\htdocs\project\ci4starterkit\system\CodeIgniter.php(326): CodeIgniter\CodeIgniter->handleRequest(NULL, Object(Config\Cache), false)
#14 C:\xampp\htdocs\project\ci4starterkit\public\index.php(37): CodeIgniter\CodeIgniter->run()
#15 C:\xampp\htdocs\project\ci4starterkit\system\Commands\Server\rewrite.php(43): require_once('C:\\xampp\\htdocs...')
#16 {main}
CRITICAL - 2022-03-24 10:27:07 --> Call to a member function input() on null
#0 C:\xampp\htdocs\project\ci4starterkit\app\Controllers\admin\Users.php(33): App\Libraries\Datatables->BuildDatatables('SELECT * FROM u...', Array, NULL, Array)
#1 C:\xampp\htdocs\project\ci4starterkit\system\CodeIgniter.php(832): App\Controllers\Admin\Users->data()
#2 C:\xampp\htdocs\project\ci4starterkit\system\CodeIgniter.php(419): CodeIgniter\CodeIgniter->runController(Object(App\Controllers\Admin\Users))
#3 C:\xampp\htdocs\project\ci4starterkit\system\CodeIgniter.php(326): CodeIgniter\CodeIgniter->handleRequest(NULL, Object(Config\Cache), false)
#4 C:\xampp\htdocs\project\ci4starterkit\public\index.php(37): CodeIgniter\CodeIgniter->run()
#5 C:\xampp\htdocs\project\ci4starterkit\system\Commands\Server\rewrite.php(43): require_once('C:\\xampp\\htdocs...')
#6 {main}
CRITICAL - 2022-03-24 10:27:16 --> Call to a member function input() on null
#0 C:\xampp\htdocs\project\ci4starterkit\app\Controllers\admin\Users.php(33): App\Libraries\Datatables->BuildDatatables('SELECT * FROM u...', Array, NULL, Array)
#1 C:\xampp\htdocs\project\ci4starterkit\system\CodeIgniter.php(832): App\Controllers\Admin\Users->data()
#2 C:\xampp\htdocs\project\ci4starterkit\system\CodeIgniter.php(419): CodeIgniter\CodeIgniter->runController(Object(App\Controllers\Admin\Users))
#3 C:\xampp\htdocs\project\ci4starterkit\system\CodeIgniter.php(326): CodeIgniter\CodeIgniter->handleRequest(NULL, Object(Config\Cache), false)
#4 C:\xampp\htdocs\project\ci4starterkit\public\index.php(37): CodeIgniter\CodeIgniter->run()
#5 C:\xampp\htdocs\project\ci4starterkit\system\Commands\Server\rewrite.php(43): require_once('C:\\xampp\\htdocs...')
#6 {main}
CRITICAL - 2022-03-24 10:27:35 --> Call to a member function getPost() on null
#0 C:\xampp\htdocs\project\ci4starterkit\app\Controllers\admin\Users.php(33): App\Libraries\Datatables->BuildDatatables('SELECT * FROM u...', Array, NULL, Array)
#1 C:\xampp\htdocs\project\ci4starterkit\system\CodeIgniter.php(832): App\Controllers\Admin\Users->data()
#2 C:\xampp\htdocs\project\ci4starterkit\system\CodeIgniter.php(419): CodeIgniter\CodeIgniter->runController(Object(App\Controllers\Admin\Users))
#3 C:\xampp\htdocs\project\ci4starterkit\system\CodeIgniter.php(326): CodeIgniter\CodeIgniter->handleRequest(NULL, Object(Config\Cache), false)
#4 C:\xampp\htdocs\project\ci4starterkit\public\index.php(37): CodeIgniter\CodeIgniter->run()
#5 C:\xampp\htdocs\project\ci4starterkit\system\Commands\Server\rewrite.php(43): require_once('C:\\xampp\\htdocs...')
#6 {main}
CRITICAL - 2022-03-24 10:28:02 --> Call to a member function count() on string
#0 C:\xampp\htdocs\project\ci4starterkit\app\Controllers\admin\Users.php(33): App\Libraries\Datatables->BuildDatatables('SELECT * FROM u...', Array, NULL, 'name LIKE '%%'')
#1 C:\xampp\htdocs\project\ci4starterkit\system\CodeIgniter.php(832): App\Controllers\Admin\Users->data()
#2 C:\xampp\htdocs\project\ci4starterkit\system\CodeIgniter.php(419): CodeIgniter\CodeIgniter->runController(Object(App\Controllers\Admin\Users))
#3 C:\xampp\htdocs\project\ci4starterkit\system\CodeIgniter.php(326): CodeIgniter\CodeIgniter->handleRequest(NULL, Object(Config\Cache), false)
#4 C:\xampp\htdocs\project\ci4starterkit\public\index.php(37): CodeIgniter\CodeIgniter->run()
#5 C:\xampp\htdocs\project\ci4starterkit\system\Commands\Server\rewrite.php(43): require_once('C:\\xampp\\htdocs...')
#6 {main}
CRITICAL - 2022-03-24 10:28:58 --> Call to undefined method CodeIgniter\Database\MySQLi\Result::countResultAll()
#0 C:\xampp\htdocs\project\ci4starterkit\app\Controllers\admin\Users.php(33): App\Libraries\Datatables->BuildDatatables('SELECT * FROM u...', Array, NULL, 'name LIKE '%%'')
#1 C:\xampp\htdocs\project\ci4starterkit\system\CodeIgniter.php(832): App\Controllers\Admin\Users->data()
#2 C:\xampp\htdocs\project\ci4starterkit\system\CodeIgniter.php(419): CodeIgniter\CodeIgniter->runController(Object(App\Controllers\Admin\Users))
#3 C:\xampp\htdocs\project\ci4starterkit\system\CodeIgniter.php(326): CodeIgniter\CodeIgniter->handleRequest(NULL, Object(Config\Cache), false)
#4 C:\xampp\htdocs\project\ci4starterkit\public\index.php(37): CodeIgniter\CodeIgniter->run()
#5 C:\xampp\htdocs\project\ci4starterkit\system\Commands\Server\rewrite.php(43): require_once('C:\\xampp\\htdocs...')
#6 {main}
CRITICAL - 2022-03-24 10:30:45 --> Call to undefined method CodeIgniter\Database\MySQLi\Result::get()
#0 C:\xampp\htdocs\project\ci4starterkit\app\Controllers\admin\Users.php(33): App\Libraries\Datatables->BuildDatatables('SELECT * FROM u...', Array, NULL, 'name LIKE '%%'')
#1 C:\xampp\htdocs\project\ci4starterkit\system\CodeIgniter.php(832): App\Controllers\Admin\Users->data()
#2 C:\xampp\htdocs\project\ci4starterkit\system\CodeIgniter.php(419): CodeIgniter\CodeIgniter->runController(Object(App\Controllers\Admin\Users))
#3 C:\xampp\htdocs\project\ci4starterkit\system\CodeIgniter.php(326): CodeIgniter\CodeIgniter->handleRequest(NULL, Object(Config\Cache), false)
#4 C:\xampp\htdocs\project\ci4starterkit\public\index.php(37): CodeIgniter\CodeIgniter->run()
#5 C:\xampp\htdocs\project\ci4starterkit\system\Commands\Server\rewrite.php(43): require_once('C:\\xampp\\htdocs...')
#6 {main}
CRITICAL - 2022-03-24 10:32:01 --> Call to undefined method CodeIgniter\Database\MySQLi\Result::countResultAll()
#0 C:\xampp\htdocs\project\ci4starterkit\app\Controllers\admin\Users.php(33): App\Libraries\Datatables->BuildDatatables('SELECT * FROM u...', Array, NULL, 'name LIKE '%%'')
#1 C:\xampp\htdocs\project\ci4starterkit\system\CodeIgniter.php(832): App\Controllers\Admin\Users->data()
#2 C:\xampp\htdocs\project\ci4starterkit\system\CodeIgniter.php(419): CodeIgniter\CodeIgniter->runController(Object(App\Controllers\Admin\Users))
#3 C:\xampp\htdocs\project\ci4starterkit\system\CodeIgniter.php(326): CodeIgniter\CodeIgniter->handleRequest(NULL, Object(Config\Cache), false)
#4 C:\xampp\htdocs\project\ci4starterkit\public\index.php(37): CodeIgniter\CodeIgniter->run()
#5 C:\xampp\htdocs\project\ci4starterkit\system\Commands\Server\rewrite.php(43): require_once('C:\\xampp\\htdocs...')
#6 {main}
CRITICAL - 2022-03-24 10:32:05 --> Call to undefined method CodeIgniter\Database\MySQLi\Result::countResultAll()
#0 C:\xampp\htdocs\project\ci4starterkit\app\Controllers\admin\Users.php(33): App\Libraries\Datatables->BuildDatatables('SELECT * FROM u...', Array, NULL, 'name LIKE '%%'')
#1 C:\xampp\htdocs\project\ci4starterkit\system\CodeIgniter.php(832): App\Controllers\Admin\Users->data()
#2 C:\xampp\htdocs\project\ci4starterkit\system\CodeIgniter.php(419): CodeIgniter\CodeIgniter->runController(Object(App\Controllers\Admin\Users))
#3 C:\xampp\htdocs\project\ci4starterkit\system\CodeIgniter.php(326): CodeIgniter\CodeIgniter->handleRequest(NULL, Object(Config\Cache), false)
#4 C:\xampp\htdocs\project\ci4starterkit\public\index.php(37): CodeIgniter\CodeIgniter->run()
#5 C:\xampp\htdocs\project\ci4starterkit\system\Commands\Server\rewrite.php(43): require_once('C:\\xampp\\htdocs...')
#6 {main}
CRITICAL - 2022-03-24 10:33:17 --> Call to undefined method CodeIgniter\Database\MySQLi\Result::countAll()
#0 C:\xampp\htdocs\project\ci4starterkit\app\Controllers\admin\Users.php(33): App\Libraries\Datatables->BuildDatatables('SELECT * FROM u...', Array, NULL, 'name LIKE '%%'')
#1 C:\xampp\htdocs\project\ci4starterkit\system\CodeIgniter.php(832): App\Controllers\Admin\Users->data()
#2 C:\xampp\htdocs\project\ci4starterkit\system\CodeIgniter.php(419): CodeIgniter\CodeIgniter->runController(Object(App\Controllers\Admin\Users))
#3 C:\xampp\htdocs\project\ci4starterkit\system\CodeIgniter.php(326): CodeIgniter\CodeIgniter->handleRequest(NULL, Object(Config\Cache), false)
#4 C:\xampp\htdocs\project\ci4starterkit\public\index.php(37): CodeIgniter\CodeIgniter->run()
#5 C:\xampp\htdocs\project\ci4starterkit\system\Commands\Server\rewrite.php(43): require_once('C:\\xampp\\htdocs...')
#6 {main}
CRITICAL - 2022-03-24 10:33:20 --> Call to undefined method CodeIgniter\Database\MySQLi\Result::countAll()
#0 C:\xampp\htdocs\project\ci4starterkit\app\Controllers\admin\Users.php(33): App\Libraries\Datatables->BuildDatatables('SELECT * FROM u...', Array, NULL, 'name LIKE '%%'')
#1 C:\xampp\htdocs\project\ci4starterkit\system\CodeIgniter.php(832): App\Controllers\Admin\Users->data()
#2 C:\xampp\htdocs\project\ci4starterkit\system\CodeIgniter.php(419): CodeIgniter\CodeIgniter->runController(Object(App\Controllers\Admin\Users))
#3 C:\xampp\htdocs\project\ci4starterkit\system\CodeIgniter.php(326): CodeIgniter\CodeIgniter->handleRequest(NULL, Object(Config\Cache), false)
#4 C:\xampp\htdocs\project\ci4starterkit\public\index.php(37): CodeIgniter\CodeIgniter->run()
#5 C:\xampp\htdocs\project\ci4starterkit\system\Commands\Server\rewrite.php(43): require_once('C:\\xampp\\htdocs...')
#6 {main}
CRITICAL - 2022-03-24 10:33:21 --> Call to undefined method CodeIgniter\Database\MySQLi\Result::countAll()
#0 C:\xampp\htdocs\project\ci4starterkit\app\Controllers\admin\Users.php(33): App\Libraries\Datatables->BuildDatatables('SELECT * FROM u...', Array, NULL, 'name LIKE '%%'')
#1 C:\xampp\htdocs\project\ci4starterkit\system\CodeIgniter.php(832): App\Controllers\Admin\Users->data()
#2 C:\xampp\htdocs\project\ci4starterkit\system\CodeIgniter.php(419): CodeIgniter\CodeIgniter->runController(Object(App\Controllers\Admin\Users))
#3 C:\xampp\htdocs\project\ci4starterkit\system\CodeIgniter.php(326): CodeIgniter\CodeIgniter->handleRequest(NULL, Object(Config\Cache), false)
#4 C:\xampp\htdocs\project\ci4starterkit\public\index.php(37): CodeIgniter\CodeIgniter->run()
#5 C:\xampp\htdocs\project\ci4starterkit\system\Commands\Server\rewrite.php(43): require_once('C:\\xampp\\htdocs...')
#6 {main}
CRITICAL - 2022-03-24 10:33:48 --> Call to undefined method CodeIgniter\Database\MySQLi\Result::countResultAll()
#0 C:\xampp\htdocs\project\ci4starterkit\app\Controllers\admin\Users.php(33): App\Libraries\Datatables->BuildDatatables('SELECT * FROM u...', Array, NULL, 'name LIKE '%%'')
#1 C:\xampp\htdocs\project\ci4starterkit\system\CodeIgniter.php(832): App\Controllers\Admin\Users->data()
#2 C:\xampp\htdocs\project\ci4starterkit\system\CodeIgniter.php(419): CodeIgniter\CodeIgniter->runController(Object(App\Controllers\Admin\Users))
#3 C:\xampp\htdocs\project\ci4starterkit\system\CodeIgniter.php(326): CodeIgniter\CodeIgniter->handleRequest(NULL, Object(Config\Cache), false)
#4 C:\xampp\htdocs\project\ci4starterkit\public\index.php(37): CodeIgniter\CodeIgniter->run()
#5 C:\xampp\htdocs\project\ci4starterkit\system\Commands\Server\rewrite.php(43): require_once('C:\\xampp\\htdocs...')
#6 {main}
CRITICAL - 2022-03-24 10:34:59 --> Call to undefined method CodeIgniter\Database\MySQLi\Result::countAllResults()
#0 C:\xampp\htdocs\project\ci4starterkit\app\Controllers\admin\Users.php(33): App\Libraries\Datatables->BuildDatatables('SELECT * FROM u...', Array, NULL, 'name LIKE '%%'')
#1 C:\xampp\htdocs\project\ci4starterkit\system\CodeIgniter.php(832): App\Controllers\Admin\Users->data()
#2 C:\xampp\htdocs\project\ci4starterkit\system\CodeIgniter.php(419): CodeIgniter\CodeIgniter->runController(Object(App\Controllers\Admin\Users))
#3 C:\xampp\htdocs\project\ci4starterkit\system\CodeIgniter.php(326): CodeIgniter\CodeIgniter->handleRequest(NULL, Object(Config\Cache), false)
#4 C:\xampp\htdocs\project\ci4starterkit\public\index.php(37): CodeIgniter\CodeIgniter->run()
#5 C:\xampp\htdocs\project\ci4starterkit\system\Commands\Server\rewrite.php(43): require_once('C:\\xampp\\htdocs...')
#6 {main}
CRITICAL - 2022-03-24 10:37:41 --> Call to undefined method CodeIgniter\Database\MySQLi\Result::countAllResults()
#0 C:\xampp\htdocs\project\ci4starterkit\app\Controllers\admin\Users.php(33): App\Libraries\Datatables->BuildDatatables('SELECT * FROM u...', Array, NULL, 'name LIKE '%%'')
#1 C:\xampp\htdocs\project\ci4starterkit\system\CodeIgniter.php(832): App\Controllers\Admin\Users->data()
#2 C:\xampp\htdocs\project\ci4starterkit\system\CodeIgniter.php(419): CodeIgniter\CodeIgniter->runController(Object(App\Controllers\Admin\Users))
#3 C:\xampp\htdocs\project\ci4starterkit\system\CodeIgniter.php(326): CodeIgniter\CodeIgniter->handleRequest(NULL, Object(Config\Cache), false)
#4 C:\xampp\htdocs\project\ci4starterkit\public\index.php(37): CodeIgniter\CodeIgniter->run()
#5 C:\xampp\htdocs\project\ci4starterkit\system\Commands\Server\rewrite.php(43): require_once('C:\\xampp\\htdocs...')
#6 {main}
CRITICAL - 2022-03-24 10:38:19 --> Call to undefined method CodeIgniter\Database\MySQLi\Result::countAllResults()
#0 C:\xampp\htdocs\project\ci4starterkit\app\Controllers\admin\Users.php(33): App\Libraries\Datatables->BuildDatatables('SELECT * FROM u...', Array, NULL, 'name LIKE '%%'')
#1 C:\xampp\htdocs\project\ci4starterkit\system\CodeIgniter.php(832): App\Controllers\Admin\Users->data()
#2 C:\xampp\htdocs\project\ci4starterkit\system\CodeIgniter.php(419): CodeIgniter\CodeIgniter->runController(Object(App\Controllers\Admin\Users))
#3 C:\xampp\htdocs\project\ci4starterkit\system\CodeIgniter.php(326): CodeIgniter\CodeIgniter->handleRequest(NULL, Object(Config\Cache), false)
#4 C:\xampp\htdocs\project\ci4starterkit\public\index.php(37): CodeIgniter\CodeIgniter->run()
#5 C:\xampp\htdocs\project\ci4starterkit\system\Commands\Server\rewrite.php(43): require_once('C:\\xampp\\htdocs...')
#6 {main}
CRITICAL - 2022-03-24 10:38:47 --> Call to undefined method CodeIgniter\Database\MySQLi\Result::countAllResults()
#0 C:\xampp\htdocs\project\ci4starterkit\app\Controllers\admin\Users.php(33): App\Libraries\Datatables->BuildDatatables('SELECT * FROM u...', Array, NULL, 'name LIKE '%%'')
#1 C:\xampp\htdocs\project\ci4starterkit\system\CodeIgniter.php(832): App\Controllers\Admin\Users->data()
#2 C:\xampp\htdocs\project\ci4starterkit\system\CodeIgniter.php(419): CodeIgniter\CodeIgniter->runController(Object(App\Controllers\Admin\Users))
#3 C:\xampp\htdocs\project\ci4starterkit\system\CodeIgniter.php(326): CodeIgniter\CodeIgniter->handleRequest(NULL, Object(Config\Cache), false)
#4 C:\xampp\htdocs\project\ci4starterkit\public\index.php(37): CodeIgniter\CodeIgniter->run()
#5 C:\xampp\htdocs\project\ci4starterkit\system\Commands\Server\rewrite.php(43): require_once('C:\\xampp\\htdocs...')
#6 {main}
CRITICAL - 2022-03-24 10:40:03 --> Call to undefined method CodeIgniter\Database\MySQLi\Result::limit()
#0 C:\xampp\htdocs\project\ci4starterkit\app\Controllers\admin\Users.php(33): App\Libraries\Datatables->BuildDatatables('SELECT * FROM u...', Array, NULL, 'name LIKE '%%'')
#1 C:\xampp\htdocs\project\ci4starterkit\system\CodeIgniter.php(832): App\Controllers\Admin\Users->data()
#2 C:\xampp\htdocs\project\ci4starterkit\system\CodeIgniter.php(419): CodeIgniter\CodeIgniter->runController(Object(App\Controllers\Admin\Users))
#3 C:\xampp\htdocs\project\ci4starterkit\system\CodeIgniter.php(326): CodeIgniter\CodeIgniter->handleRequest(NULL, Object(Config\Cache), false)
#4 C:\xampp\htdocs\project\ci4starterkit\public\index.php(37): CodeIgniter\CodeIgniter->run()
#5 C:\xampp\htdocs\project\ci4starterkit\system\Commands\Server\rewrite.php(43): require_once('C:\\xampp\\htdocs...')
#6 {main}
CRITICAL - 2022-03-24 10:42:47 --> Call to undefined method CodeIgniter\Database\MySQLi\Result::countAllResults()
#0 C:\xampp\htdocs\project\ci4starterkit\app\Controllers\admin\Users.php(33): App\Libraries\Datatables->BuildDatatables('SELECT * FROM u...', Array, NULL, 'name LIKE '%%'')
#1 C:\xampp\htdocs\project\ci4starterkit\system\CodeIgniter.php(832): App\Controllers\Admin\Users->data()
#2 C:\xampp\htdocs\project\ci4starterkit\system\CodeIgniter.php(419): CodeIgniter\CodeIgniter->runController(Object(App\Controllers\Admin\Users))
#3 C:\xampp\htdocs\project\ci4starterkit\system\CodeIgniter.php(326): CodeIgniter\CodeIgniter->handleRequest(NULL, Object(Config\Cache), false)
#4 C:\xampp\htdocs\project\ci4starterkit\public\index.php(37): CodeIgniter\CodeIgniter->run()
#5 C:\xampp\htdocs\project\ci4starterkit\system\Commands\Server\rewrite.php(43): require_once('C:\\xampp\\htdocs...')
#6 {main}
CRITICAL - 2022-03-24 10:44:24 --> Call to undefined method CodeIgniter\Database\MySQLi\Result::fetchColumn()
#0 C:\xampp\htdocs\project\ci4starterkit\app\Controllers\admin\Users.php(33): App\Libraries\Datatables->BuildDatatables('SELECT * FROM u...', Array, NULL, 'name LIKE '%%'')
#1 C:\xampp\htdocs\project\ci4starterkit\system\CodeIgniter.php(832): App\Controllers\Admin\Users->data()
#2 C:\xampp\htdocs\project\ci4starterkit\system\CodeIgniter.php(419): CodeIgniter\CodeIgniter->runController(Object(App\Controllers\Admin\Users))
#3 C:\xampp\htdocs\project\ci4starterkit\system\CodeIgniter.php(326): CodeIgniter\CodeIgniter->handleRequest(NULL, Object(Config\Cache), false)
#4 C:\xampp\htdocs\project\ci4starterkit\public\index.php(37): CodeIgniter\CodeIgniter->run()
#5 C:\xampp\htdocs\project\ci4starterkit\system\Commands\Server\rewrite.php(43): require_once('C:\\xampp\\htdocs...')
#6 {main}
CRITICAL - 2022-03-24 10:44:50 --> Call to undefined method CodeIgniter\Database\MySQLi\Result::rowCount()
#0 C:\xampp\htdocs\project\ci4starterkit\app\Controllers\admin\Users.php(33): App\Libraries\Datatables->BuildDatatables('SELECT * FROM u...', Array, NULL, 'name LIKE '%%'')
#1 C:\xampp\htdocs\project\ci4starterkit\system\CodeIgniter.php(832): App\Controllers\Admin\Users->data()
#2 C:\xampp\htdocs\project\ci4starterkit\system\CodeIgniter.php(419): CodeIgniter\CodeIgniter->runController(Object(App\Controllers\Admin\Users))
#3 C:\xampp\htdocs\project\ci4starterkit\system\CodeIgniter.php(326): CodeIgniter\CodeIgniter->handleRequest(NULL, Object(Config\Cache), false)
#4 C:\xampp\htdocs\project\ci4starterkit\public\index.php(37): CodeIgniter\CodeIgniter->run()
#5 C:\xampp\htdocs\project\ci4starterkit\system\Commands\Server\rewrite.php(43): require_once('C:\\xampp\\htdocs...')
#6 {main}
CRITICAL - 2022-03-24 10:46:28 --> Call to undefined method CodeIgniter\Database\MySQLi\Result::countAllResults()
#0 C:\xampp\htdocs\project\ci4starterkit\app\Controllers\admin\Users.php(33): App\Libraries\Datatables->BuildDatatables('SELECT * FROM u...', Array, NULL, 'name LIKE '%%'')
#1 C:\xampp\htdocs\project\ci4starterkit\system\CodeIgniter.php(832): App\Controllers\Admin\Users->data()
#2 C:\xampp\htdocs\project\ci4starterkit\system\CodeIgniter.php(419): CodeIgniter\CodeIgniter->runController(Object(App\Controllers\Admin\Users))
#3 C:\xampp\htdocs\project\ci4starterkit\system\CodeIgniter.php(326): CodeIgniter\CodeIgniter->handleRequest(NULL, Object(Config\Cache), false)
#4 C:\xampp\htdocs\project\ci4starterkit\public\index.php(37): CodeIgniter\CodeIgniter->run()
#5 C:\xampp\htdocs\project\ci4starterkit\system\Commands\Server\rewrite.php(43): require_once('C:\\xampp\\htdocs...')
#6 {main}
CRITICAL - 2022-03-24 10:48:56 --> Call to undefined method CodeIgniter\Database\MySQLi\Result::get()
#0 C:\xampp\htdocs\project\ci4starterkit\app\Controllers\admin\Users.php(33): App\Libraries\Datatables->BuildDatatables('SELECT * FROM u...', Array, NULL, 'name LIKE '%%'')
#1 C:\xampp\htdocs\project\ci4starterkit\system\CodeIgniter.php(832): App\Controllers\Admin\Users->data()
#2 C:\xampp\htdocs\project\ci4starterkit\system\CodeIgniter.php(419): CodeIgniter\CodeIgniter->runController(Object(App\Controllers\Admin\Users))
#3 C:\xampp\htdocs\project\ci4starterkit\system\CodeIgniter.php(326): CodeIgniter\CodeIgniter->handleRequest(NULL, Object(Config\Cache), false)
#4 C:\xampp\htdocs\project\ci4starterkit\public\index.php(37): CodeIgniter\CodeIgniter->run()
#5 C:\xampp\htdocs\project\ci4starterkit\system\Commands\Server\rewrite.php(43): require_once('C:\\xampp\\htdocs...')
#6 {main}
CRITICAL - 2022-03-24 10:49:08 --> Undefined variable: recordTotal
#0 C:\xampp\htdocs\project\ci4starterkit\app\Libraries\Datatables.php(28): CodeIgniter\Debug\Exceptions->errorHandler(8, 'Undefined varia...', 'C:\\xampp\\htdocs...', 28, Array)
#1 C:\xampp\htdocs\project\ci4starterkit\app\Controllers\admin\Users.php(33): App\Libraries\Datatables->BuildDatatables('SELECT * FROM u...', Array, NULL, 'name LIKE '%%'')
#2 C:\xampp\htdocs\project\ci4starterkit\system\CodeIgniter.php(832): App\Controllers\Admin\Users->data()
#3 C:\xampp\htdocs\project\ci4starterkit\system\CodeIgniter.php(419): CodeIgniter\CodeIgniter->runController(Object(App\Controllers\Admin\Users))
#4 C:\xampp\htdocs\project\ci4starterkit\system\CodeIgniter.php(326): CodeIgniter\CodeIgniter->handleRequest(NULL, Object(Config\Cache), false)
#5 C:\xampp\htdocs\project\ci4starterkit\public\index.php(37): CodeIgniter\CodeIgniter->run()
#6 C:\xampp\htdocs\project\ci4starterkit\system\Commands\Server\rewrite.php(43): require_once('C:\\xampp\\htdocs...')
#7 {main}
CRITICAL - 2022-03-24 10:49:40 --> Call to undefined method CodeIgniter\Database\MySQLi\Result::countAllResult()
#0 C:\xampp\htdocs\project\ci4starterkit\app\Controllers\admin\Users.php(33): App\Libraries\Datatables->BuildDatatables('SELECT * FROM u...', Array, NULL, 'name LIKE '%%'')
#1 C:\xampp\htdocs\project\ci4starterkit\system\CodeIgniter.php(832): App\Controllers\Admin\Users->data()
#2 C:\xampp\htdocs\project\ci4starterkit\system\CodeIgniter.php(419): CodeIgniter\CodeIgniter->runController(Object(App\Controllers\Admin\Users))
#3 C:\xampp\htdocs\project\ci4starterkit\system\CodeIgniter.php(326): CodeIgniter\CodeIgniter->handleRequest(NULL, Object(Config\Cache), false)
#4 C:\xampp\htdocs\project\ci4starterkit\public\index.php(37): CodeIgniter\CodeIgniter->run()
#5 C:\xampp\htdocs\project\ci4starterkit\system\Commands\Server\rewrite.php(43): require_once('C:\\xampp\\htdocs...')
#6 {main}
CRITICAL - 2022-03-24 10:49:49 --> Call to undefined method CodeIgniter\Database\MySQLi\Result::count()
#0 C:\xampp\htdocs\project\ci4starterkit\app\Controllers\admin\Users.php(33): App\Libraries\Datatables->BuildDatatables('SELECT * FROM u...', Array, NULL, 'name LIKE '%%'')
#1 C:\xampp\htdocs\project\ci4starterkit\system\CodeIgniter.php(832): App\Controllers\Admin\Users->data()
#2 C:\xampp\htdocs\project\ci4starterkit\system\CodeIgniter.php(419): CodeIgniter\CodeIgniter->runController(Object(App\Controllers\Admin\Users))
#3 C:\xampp\htdocs\project\ci4starterkit\system\CodeIgniter.php(326): CodeIgniter\CodeIgniter->handleRequest(NULL, Object(Config\Cache), false)
#4 C:\xampp\htdocs\project\ci4starterkit\public\index.php(37): CodeIgniter\CodeIgniter->run()
#5 C:\xampp\htdocs\project\ci4starterkit\system\Commands\Server\rewrite.php(43): require_once('C:\\xampp\\htdocs...')
#6 {main}
CRITICAL - 2022-03-24 10:51:05 --> Call to undefined method CodeIgniter\Database\MySQLi\Result::countAllResults()
#0 C:\xampp\htdocs\project\ci4starterkit\app\Controllers\admin\Users.php(33): App\Libraries\Datatables->BuildDatatables('SELECT * FROM u...', Array, NULL, 'name LIKE '%%'')
#1 C:\xampp\htdocs\project\ci4starterkit\system\CodeIgniter.php(832): App\Controllers\Admin\Users->data()
#2 C:\xampp\htdocs\project\ci4starterkit\system\CodeIgniter.php(419): CodeIgniter\CodeIgniter->runController(Object(App\Controllers\Admin\Users))
#3 C:\xampp\htdocs\project\ci4starterkit\system\CodeIgniter.php(326): CodeIgniter\CodeIgniter->handleRequest(NULL, Object(Config\Cache), false)
#4 C:\xampp\htdocs\project\ci4starterkit\public\index.php(37): CodeIgniter\CodeIgniter->run()
#5 C:\xampp\htdocs\project\ci4starterkit\system\Commands\Server\rewrite.php(43): require_once('C:\\xampp\\htdocs...')
#6 {main}
CRITICAL - 2022-03-24 10:51:17 --> Call to undefined method CodeIgniter\Database\MySQLi\Result::countAllResults()
#0 C:\xampp\htdocs\project\ci4starterkit\app\Controllers\admin\Users.php(33): App\Libraries\Datatables->BuildDatatables('SELECT * FROM u...', Array, NULL, 'name LIKE '%%'')
#1 C:\xampp\htdocs\project\ci4starterkit\system\CodeIgniter.php(832): App\Controllers\Admin\Users->data()
#2 C:\xampp\htdocs\project\ci4starterkit\system\CodeIgniter.php(419): CodeIgniter\CodeIgniter->runController(Object(App\Controllers\Admin\Users))
#3 C:\xampp\htdocs\project\ci4starterkit\system\CodeIgniter.php(326): CodeIgniter\CodeIgniter->handleRequest(NULL, Object(Config\Cache), false)
#4 C:\xampp\htdocs\project\ci4starterkit\public\index.php(37): CodeIgniter\CodeIgniter->run()
#5 C:\xampp\htdocs\project\ci4starterkit\system\Commands\Server\rewrite.php(43): require_once('C:\\xampp\\htdocs...')
#6 {main}
CRITICAL - 2022-03-24 10:52:38 --> Call to undefined method CodeIgniter\Database\MySQLi\Result::num_rows()
#0 C:\xampp\htdocs\project\ci4starterkit\app\Controllers\admin\Users.php(33): App\Libraries\Datatables->BuildDatatables('SELECT * FROM u...', Array, NULL, 'name LIKE '%%'')
#1 C:\xampp\htdocs\project\ci4starterkit\system\CodeIgniter.php(832): App\Controllers\Admin\Users->data()
#2 C:\xampp\htdocs\project\ci4starterkit\system\CodeIgniter.php(419): CodeIgniter\CodeIgniter->runController(Object(App\Controllers\Admin\Users))
#3 C:\xampp\htdocs\project\ci4starterkit\system\CodeIgniter.php(326): CodeIgniter\CodeIgniter->handleRequest(NULL, Object(Config\Cache), false)
#4 C:\xampp\htdocs\project\ci4starterkit\public\index.php(37): CodeIgniter\CodeIgniter->run()
#5 C:\xampp\htdocs\project\ci4starterkit\system\Commands\Server\rewrite.php(43): require_once('C:\\xampp\\htdocs...')
#6 {main}
CRITICAL - 2022-03-24 10:52:55 --> Call to undefined method CodeIgniter\Database\MySQLi\Result::getCount()
#0 C:\xampp\htdocs\project\ci4starterkit\app\Controllers\admin\Users.php(33): App\Libraries\Datatables->BuildDatatables('SELECT * FROM u...', Array, NULL, 'name LIKE '%%'')
#1 C:\xampp\htdocs\project\ci4starterkit\system\CodeIgniter.php(832): App\Controllers\Admin\Users->data()
#2 C:\xampp\htdocs\project\ci4starterkit\system\CodeIgniter.php(419): CodeIgniter\CodeIgniter->runController(Object(App\Controllers\Admin\Users))
#3 C:\xampp\htdocs\project\ci4starterkit\system\CodeIgniter.php(326): CodeIgniter\CodeIgniter->handleRequest(NULL, Object(Config\Cache), false)
#4 C:\xampp\htdocs\project\ci4starterkit\public\index.php(37): CodeIgniter\CodeIgniter->run()
#5 C:\xampp\htdocs\project\ci4starterkit\system\Commands\Server\rewrite.php(43): require_once('C:\\xampp\\htdocs...')
#6 {main}
CRITICAL - 2022-03-24 10:54:44 --> Call to undefined method CodeIgniter\Database\MySQLi\Result::countAll()
#0 C:\xampp\htdocs\project\ci4starterkit\app\Controllers\admin\Users.php(33): App\Libraries\Datatables->BuildDatatables('SELECT * FROM u...', Array, NULL, 'name LIKE '%%'')
#1 C:\xampp\htdocs\project\ci4starterkit\system\CodeIgniter.php(832): App\Controllers\Admin\Users->data()
#2 C:\xampp\htdocs\project\ci4starterkit\system\CodeIgniter.php(419): CodeIgniter\CodeIgniter->runController(Object(App\Controllers\Admin\Users))
#3 C:\xampp\htdocs\project\ci4starterkit\system\CodeIgniter.php(326): CodeIgniter\CodeIgniter->handleRequest(NULL, Object(Config\Cache), false)
#4 C:\xampp\htdocs\project\ci4starterkit\public\index.php(37): CodeIgniter\CodeIgniter->run()
#5 C:\xampp\htdocs\project\ci4starterkit\system\Commands\Server\rewrite.php(43): require_once('C:\\xampp\\htdocs...')
#6 {main}
ERROR - 2022-03-24 10:58:14 --> You have an error in your SQL syntax; check the manual that corresponds to your MariaDB server version for the right syntax to use near ')' at line 4
CRITICAL - 2022-03-24 10:58:14 --> You have an error in your SQL syntax; check the manual that corresponds to your MariaDB server version for the right syntax to use near ')' at line 4
#0 C:\xampp\htdocs\project\ci4starterkit\system\Database\MySQLi\Connection.php(292): mysqli->query('SELECT COUNT(*)...', 0)
#1 C:\xampp\htdocs\project\ci4starterkit\system\Database\BaseConnection.php(670): CodeIgniter\Database\MySQLi\Connection->execute('SELECT COUNT(*)...')
#2 C:\xampp\htdocs\project\ci4starterkit\system\Database\BaseConnection.php(598): CodeIgniter\Database\BaseConnection->simpleQuery('SELECT COUNT(*)...')
#3 C:\xampp\htdocs\project\ci4starterkit\system\Database\BaseBuilder.php(1539): CodeIgniter\Database\BaseConnection->query('SELECT COUNT(*)...', Array, false)
#4 C:\xampp\htdocs\project\ci4starterkit\vendor\irsyadulibad\codeigniter4-datatables\src\DataTableAbstract.php(186): CodeIgniter\Database\BaseBuilder->countAllResults(false)
#5 C:\xampp\htdocs\project\ci4starterkit\vendor\irsyadulibad\codeigniter4-datatables\src\DataTableAbstract.php(195): Irsyadulibad\DataTables\DataTableAbstract->countTotal()
#6 C:\xampp\htdocs\project\ci4starterkit\vendor\irsyadulibad\codeigniter4-datatables\src\QueryDataTable.php(34): Irsyadulibad\DataTables\DataTableAbstract->countFiltered()
#7 C:\xampp\htdocs\project\ci4starterkit\vendor\irsyadulibad\codeigniter4-datatables\src\QueryDataTable.php(24): Irsyadulibad\DataTables\QueryDataTable->execQueries()
#8 C:\xampp\htdocs\project\ci4starterkit\app\Controllers\admin\Users.php(28): Irsyadulibad\DataTables\QueryDataTable->make()
#9 C:\xampp\htdocs\project\ci4starterkit\system\CodeIgniter.php(832): App\Controllers\Admin\Users->data()
#10 C:\xampp\htdocs\project\ci4starterkit\system\CodeIgniter.php(419): CodeIgniter\CodeIgniter->runController(Object(App\Controllers\Admin\Users))
#11 C:\xampp\htdocs\project\ci4starterkit\system\CodeIgniter.php(326): CodeIgniter\CodeIgniter->handleRequest(NULL, Object(Config\Cache), false)
#12 C:\xampp\htdocs\project\ci4starterkit\public\index.php(37): CodeIgniter\CodeIgniter->run()
#13 C:\xampp\htdocs\project\ci4starterkit\system\Commands\Server\rewrite.php(43): require_once('C:\\xampp\\htdocs...')
#14 {main}
ERROR - 2022-03-24 10:58:38 --> You have an error in your SQL syntax; check the manual that corresponds to your MariaDB server version for the right syntax to use near ')' at line 4
CRITICAL - 2022-03-24 10:58:38 --> You have an error in your SQL syntax; check the manual that corresponds to your MariaDB server version for the right syntax to use near ')' at line 4
#0 C:\xampp\htdocs\project\ci4starterkit\system\Database\MySQLi\Connection.php(292): mysqli->query('SELECT COUNT(*)...', 0)
#1 C:\xampp\htdocs\project\ci4starterkit\system\Database\BaseConnection.php(670): CodeIgniter\Database\MySQLi\Connection->execute('SELECT COUNT(*)...')
#2 C:\xampp\htdocs\project\ci4starterkit\system\Database\BaseConnection.php(598): CodeIgniter\Database\BaseConnection->simpleQuery('SELECT COUNT(*)...')
#3 C:\xampp\htdocs\project\ci4starterkit\system\Database\BaseBuilder.php(1539): CodeIgniter\Database\BaseConnection->query('SELECT COUNT(*)...', Array, false)
#4 C:\xampp\htdocs\project\ci4starterkit\vendor\irsyadulibad\codeigniter4-datatables\src\DataTableAbstract.php(186): CodeIgniter\Database\BaseBuilder->countAllResults(false)
#5 C:\xampp\htdocs\project\ci4starterkit\vendor\irsyadulibad\codeigniter4-datatables\src\DataTableAbstract.php(195): Irsyadulibad\DataTables\DataTableAbstract->countTotal()
#6 C:\xampp\htdocs\project\ci4starterkit\vendor\irsyadulibad\codeigniter4-datatables\src\QueryDataTable.php(34): Irsyadulibad\DataTables\DataTableAbstract->countFiltered()
#7 C:\xampp\htdocs\project\ci4starterkit\vendor\irsyadulibad\codeigniter4-datatables\src\QueryDataTable.php(24): Irsyadulibad\DataTables\QueryDataTable->execQueries()
#8 C:\xampp\htdocs\project\ci4starterkit\app\Controllers\admin\Users.php(28): Irsyadulibad\DataTables\QueryDataTable->make()
#9 C:\xampp\htdocs\project\ci4starterkit\system\CodeIgniter.php(832): App\Controllers\Admin\Users->data()
#10 C:\xampp\htdocs\project\ci4starterkit\system\CodeIgniter.php(419): CodeIgniter\CodeIgniter->runController(Object(App\Controllers\Admin\Users))
#11 C:\xampp\htdocs\project\ci4starterkit\system\CodeIgniter.php(326): CodeIgniter\CodeIgniter->handleRequest(NULL, Object(Config\Cache), false)
#12 C:\xampp\htdocs\project\ci4starterkit\public\index.php(37): CodeIgniter\CodeIgniter->run()
#13 C:\xampp\htdocs\project\ci4starterkit\system\Commands\Server\rewrite.php(43): require_once('C:\\xampp\\htdocs...')
#14 {main}
ERROR - 2022-03-24 11:00:55 --> You have an error in your SQL syntax; check the manual that corresponds to your MariaDB server version for the right syntax to use near ')' at line 5
CRITICAL - 2022-03-24 11:00:55 --> You have an error in your SQL syntax; check the manual that corresponds to your MariaDB server version for the right syntax to use near ')' at line 5
#0 C:\xampp\htdocs\project\ci4starterkit\system\Database\MySQLi\Connection.php(292): mysqli->query('SELECT COUNT(*)...', 0)
#1 C:\xampp\htdocs\project\ci4starterkit\system\Database\BaseConnection.php(670): CodeIgniter\Database\MySQLi\Connection->execute('SELECT COUNT(*)...')
#2 C:\xampp\htdocs\project\ci4starterkit\system\Database\BaseConnection.php(598): CodeIgniter\Database\BaseConnection->simpleQuery('SELECT COUNT(*)...')
#3 C:\xampp\htdocs\project\ci4starterkit\system\Database\BaseBuilder.php(1539): CodeIgniter\Database\BaseConnection->query('SELECT COUNT(*)...', Array, false)
#4 C:\xampp\htdocs\project\ci4starterkit\vendor\irsyadulibad\codeigniter4-datatables\src\DataTableAbstract.php(186): CodeIgniter\Database\BaseBuilder->countAllResults(false)
#5 C:\xampp\htdocs\project\ci4starterkit\vendor\irsyadulibad\codeigniter4-datatables\src\DataTableAbstract.php(195): Irsyadulibad\DataTables\DataTableAbstract->countTotal()
#6 C:\xampp\htdocs\project\ci4starterkit\vendor\irsyadulibad\codeigniter4-datatables\src\QueryDataTable.php(34): Irsyadulibad\DataTables\DataTableAbstract->countFiltered()
#7 C:\xampp\htdocs\project\ci4starterkit\vendor\irsyadulibad\codeigniter4-datatables\src\QueryDataTable.php(24): Irsyadulibad\DataTables\QueryDataTable->execQueries()
#8 C:\xampp\htdocs\project\ci4starterkit\app\Controllers\admin\Users.php(31): Irsyadulibad\DataTables\QueryDataTable->make()
#9 C:\xampp\htdocs\project\ci4starterkit\system\CodeIgniter.php(832): App\Controllers\Admin\Users->data()
#10 C:\xampp\htdocs\project\ci4starterkit\system\CodeIgniter.php(419): CodeIgniter\CodeIgniter->runController(Object(App\Controllers\Admin\Users))
#11 C:\xampp\htdocs\project\ci4starterkit\system\CodeIgniter.php(326): CodeIgniter\CodeIgniter->handleRequest(NULL, Object(Config\Cache), false)
#12 C:\xampp\htdocs\project\ci4starterkit\public\index.php(37): CodeIgniter\CodeIgniter->run()
#13 C:\xampp\htdocs\project\ci4starterkit\system\Commands\Server\rewrite.php(43): require_once('C:\\xampp\\htdocs...')
#14 {main}
ERROR - 2022-03-24 11:01:16 --> You have an error in your SQL syntax; check the manual that corresponds to your MariaDB server version for the right syntax to use near ')' at line 5
CRITICAL - 2022-03-24 11:01:16 --> You have an error in your SQL syntax; check the manual that corresponds to your MariaDB server version for the right syntax to use near ')' at line 5
#0 C:\xampp\htdocs\project\ci4starterkit\system\Database\MySQLi\Connection.php(292): mysqli->query('SELECT COUNT(*)...', 0)
#1 C:\xampp\htdocs\project\ci4starterkit\system\Database\BaseConnection.php(670): CodeIgniter\Database\MySQLi\Connection->execute('SELECT COUNT(*)...')
#2 C:\xampp\htdocs\project\ci4starterkit\system\Database\BaseConnection.php(598): CodeIgniter\Database\BaseConnection->simpleQuery('SELECT COUNT(*)...')
#3 C:\xampp\htdocs\project\ci4starterkit\system\Database\BaseBuilder.php(1539): CodeIgniter\Database\BaseConnection->query('SELECT COUNT(*)...', Array, false)
#4 C:\xampp\htdocs\project\ci4starterkit\vendor\irsyadulibad\codeigniter4-datatables\src\DataTableAbstract.php(186): CodeIgniter\Database\BaseBuilder->countAllResults(false)
#5 C:\xampp\htdocs\project\ci4starterkit\vendor\irsyadulibad\codeigniter4-datatables\src\DataTableAbstract.php(195): Irsyadulibad\DataTables\DataTableAbstract->countTotal()
#6 C:\xampp\htdocs\project\ci4starterkit\vendor\irsyadulibad\codeigniter4-datatables\src\QueryDataTable.php(34): Irsyadulibad\DataTables\DataTableAbstract->countFiltered()
#7 C:\xampp\htdocs\project\ci4starterkit\vendor\irsyadulibad\codeigniter4-datatables\src\QueryDataTable.php(24): Irsyadulibad\DataTables\QueryDataTable->execQueries()
#8 C:\xampp\htdocs\project\ci4starterkit\app\Controllers\admin\Users.php(31): Irsyadulibad\DataTables\QueryDataTable->make()
#9 C:\xampp\htdocs\project\ci4starterkit\system\CodeIgniter.php(832): App\Controllers\Admin\Users->data()
#10 C:\xampp\htdocs\project\ci4starterkit\system\CodeIgniter.php(419): CodeIgniter\CodeIgniter->runController(Object(App\Controllers\Admin\Users))
#11 C:\xampp\htdocs\project\ci4starterkit\system\CodeIgniter.php(326): CodeIgniter\CodeIgniter->handleRequest(NULL, Object(Config\Cache), false)
#12 C:\xampp\htdocs\project\ci4starterkit\public\index.php(37): CodeIgniter\CodeIgniter->run()
#13 C:\xampp\htdocs\project\ci4starterkit\system\Commands\Server\rewrite.php(43): require_once('C:\\xampp\\htdocs...')
#14 {main}
ERROR - 2022-03-24 11:02:10 --> You have an error in your SQL syntax; check the manual that corresponds to your MariaDB server version for the right syntax to use near ')' at line 4
CRITICAL - 2022-03-24 11:02:10 --> You have an error in your SQL syntax; check the manual that corresponds to your MariaDB server version for the right syntax to use near ')' at line 4
#0 C:\xampp\htdocs\project\ci4starterkit\system\Database\MySQLi\Connection.php(292): mysqli->query('SELECT COUNT(*)...', 0)
#1 C:\xampp\htdocs\project\ci4starterkit\system\Database\BaseConnection.php(670): CodeIgniter\Database\MySQLi\Connection->execute('SELECT COUNT(*)...')
#2 C:\xampp\htdocs\project\ci4starterkit\system\Database\BaseConnection.php(598): CodeIgniter\Database\BaseConnection->simpleQuery('SELECT COUNT(*)...')
#3 C:\xampp\htdocs\project\ci4starterkit\system\Database\BaseBuilder.php(1539): CodeIgniter\Database\BaseConnection->query('SELECT COUNT(*)...', Array, false)
#4 C:\xampp\htdocs\project\ci4starterkit\vendor\irsyadulibad\codeigniter4-datatables\src\DataTableAbstract.php(186): CodeIgniter\Database\BaseBuilder->countAllResults(false)
#5 C:\xampp\htdocs\project\ci4starterkit\vendor\irsyadulibad\codeigniter4-datatables\src\DataTableAbstract.php(195): Irsyadulibad\DataTables\DataTableAbstract->countTotal()
#6 C:\xampp\htdocs\project\ci4starterkit\vendor\irsyadulibad\codeigniter4-datatables\src\QueryDataTable.php(34): Irsyadulibad\DataTables\DataTableAbstract->countFiltered()
#7 C:\xampp\htdocs\project\ci4starterkit\vendor\irsyadulibad\codeigniter4-datatables\src\QueryDataTable.php(24): Irsyadulibad\DataTables\QueryDataTable->execQueries()
#8 C:\xampp\htdocs\project\ci4starterkit\app\Controllers\admin\Users.php(28): Irsyadulibad\DataTables\QueryDataTable->make(true)
#9 C:\xampp\htdocs\project\ci4starterkit\system\CodeIgniter.php(832): App\Controllers\Admin\Users->data()
#10 C:\xampp\htdocs\project\ci4starterkit\system\CodeIgniter.php(419): CodeIgniter\CodeIgniter->runController(Object(App\Controllers\Admin\Users))
#11 C:\xampp\htdocs\project\ci4starterkit\system\CodeIgniter.php(326): CodeIgniter\CodeIgniter->handleRequest(NULL, Object(Config\Cache), false)
#12 C:\xampp\htdocs\project\ci4starterkit\public\index.php(37): CodeIgniter\CodeIgniter->run()
#13 C:\xampp\htdocs\project\ci4starterkit\system\Commands\Server\rewrite.php(43): require_once('C:\\xampp\\htdocs...')
#14 {main}
CRITICAL - 2022-03-24 11:06:52 --> Call to undefined method CodeIgniter\Database\MySQLi\Result::get()
#0 C:\xampp\htdocs\project\ci4starterkit\app\Controllers\admin\Users.php(33): App\Libraries\Datatables->BuildDatatables('SELECT * FROM u...', Array, NULL, 'name LIKE '%%'')
#1 C:\xampp\htdocs\project\ci4starterkit\system\CodeIgniter.php(832): App\Controllers\Admin\Users->data()
#2 C:\xampp\htdocs\project\ci4starterkit\system\CodeIgniter.php(419): CodeIgniter\CodeIgniter->runController(Object(App\Controllers\Admin\Users))
#3 C:\xampp\htdocs\project\ci4starterkit\system\CodeIgniter.php(326): CodeIgniter\CodeIgniter->handleRequest(NULL, Object(Config\Cache), false)
#4 C:\xampp\htdocs\project\ci4starterkit\public\index.php(37): CodeIgniter\CodeIgniter->run()
#5 C:\xampp\htdocs\project\ci4starterkit\system\Commands\Server\rewrite.php(43): require_once('C:\\xampp\\htdocs...')
#6 {main}
CRITICAL - 2022-03-24 11:07:16 --> Call to undefined method CodeIgniter\Database\MySQLi\Result::countAll()
#0 C:\xampp\htdocs\project\ci4starterkit\app\Controllers\admin\Users.php(33): App\Libraries\Datatables->BuildDatatables('SELECT * FROM u...', Array, NULL, 'name LIKE '%%'')
#1 C:\xampp\htdocs\project\ci4starterkit\system\CodeIgniter.php(832): App\Controllers\Admin\Users->data()
#2 C:\xampp\htdocs\project\ci4starterkit\system\CodeIgniter.php(419): CodeIgniter\CodeIgniter->runController(Object(App\Controllers\Admin\Users))
#3 C:\xampp\htdocs\project\ci4starterkit\system\CodeIgniter.php(326): CodeIgniter\CodeIgniter->handleRequest(NULL, Object(Config\Cache), false)
#4 C:\xampp\htdocs\project\ci4starterkit\public\index.php(37): CodeIgniter\CodeIgniter->run()
#5 C:\xampp\htdocs\project\ci4starterkit\system\Commands\Server\rewrite.php(43): require_once('C:\\xampp\\htdocs...')
#6 {main}
CRITICAL - 2022-03-24 11:07:49 --> Call to undefined method CodeIgniter\Database\MySQLi\Result::count_all_results()
#0 C:\xampp\htdocs\project\ci4starterkit\app\Controllers\admin\Users.php(33): App\Libraries\Datatables->BuildDatatables('SELECT * FROM u...', Array, NULL, 'name LIKE '%%'')
#1 C:\xampp\htdocs\project\ci4starterkit\system\CodeIgniter.php(832): App\Controllers\Admin\Users->data()
#2 C:\xampp\htdocs\project\ci4starterkit\system\CodeIgniter.php(419): CodeIgniter\CodeIgniter->runController(Object(App\Controllers\Admin\Users))
#3 C:\xampp\htdocs\project\ci4starterkit\system\CodeIgniter.php(326): CodeIgniter\CodeIgniter->handleRequest(NULL, Object(Config\Cache), false)
#4 C:\xampp\htdocs\project\ci4starterkit\public\index.php(37): CodeIgniter\CodeIgniter->run()
#5 C:\xampp\htdocs\project\ci4starterkit\system\Commands\Server\rewrite.php(43): require_once('C:\\xampp\\htdocs...')
#6 {main}
CRITICAL - 2022-03-24 11:08:21 --> Call to undefined method CodeIgniter\Database\MySQLi\Result::count_all_results()
#0 C:\xampp\htdocs\project\ci4starterkit\app\Controllers\admin\Users.php(33): App\Libraries\Datatables->BuildDatatables('SELECT * FROM u...', Array, NULL, 'name LIKE '%%'')
#1 C:\xampp\htdocs\project\ci4starterkit\system\CodeIgniter.php(832): App\Controllers\Admin\Users->data()
#2 C:\xampp\htdocs\project\ci4starterkit\system\CodeIgniter.php(419): CodeIgniter\CodeIgniter->runController(Object(App\Controllers\Admin\Users))
#3 C:\xampp\htdocs\project\ci4starterkit\system\CodeIgniter.php(326): CodeIgniter\CodeIgniter->handleRequest(NULL, Object(Config\Cache), false)
#4 C:\xampp\htdocs\project\ci4starterkit\public\index.php(37): CodeIgniter\CodeIgniter->run()
#5 C:\xampp\htdocs\project\ci4starterkit\system\Commands\Server\rewrite.php(43): require_once('C:\\xampp\\htdocs...')
#6 {main}
ERROR - 2022-03-24 11:11:24 --> You have an error in your SQL syntax; check the manual that corresponds to your MariaDB server version for the right syntax to use near 'ORDER BY id asc LIMIT 5 OFFSET 0' at line 1
CRITICAL - 2022-03-24 11:11:24 --> You have an error in your SQL syntax; check the manual that corresponds to your MariaDB server version for the right syntax to use near 'ORDER BY id asc LIMIT 5 OFFSET 0' at line 1
#0 C:\xampp\htdocs\project\ci4starterkit\system\Database\MySQLi\Connection.php(292): mysqli->query('SELECT * FROM u...', 0)
#1 C:\xampp\htdocs\project\ci4starterkit\system\Database\BaseConnection.php(670): CodeIgniter\Database\MySQLi\Connection->execute('SELECT * FROM u...')
#2 C:\xampp\htdocs\project\ci4starterkit\system\Database\BaseConnection.php(598): CodeIgniter\Database\BaseConnection->simpleQuery('SELECT * FROM u...')
#3 C:\xampp\htdocs\project\ci4starterkit\app\Libraries\Datatables.php(42): CodeIgniter\Database\BaseConnection->query('SELECT * FROM u...')
#4 C:\xampp\htdocs\project\ci4starterkit\app\Controllers\admin\Users.php(33): App\Libraries\Datatables->BuildDatatables('SELECT * FROM u...', Array, NULL, 'name LIKE '%%'')
#5 C:\xampp\htdocs\project\ci4starterkit\system\CodeIgniter.php(832): App\Controllers\Admin\Users->data()
#6 C:\xampp\htdocs\project\ci4starterkit\system\CodeIgniter.php(419): CodeIgniter\CodeIgniter->runController(Object(App\Controllers\Admin\Users))
#7 C:\xampp\htdocs\project\ci4starterkit\system\CodeIgniter.php(326): CodeIgniter\CodeIgniter->handleRequest(NULL, Object(Config\Cache), false)
#8 C:\xampp\htdocs\project\ci4starterkit\public\index.php(37): CodeIgniter\CodeIgniter->run()
#9 C:\xampp\htdocs\project\ci4starterkit\system\Commands\Server\rewrite.php(43): require_once('C:\\xampp\\htdocs...')
#10 {main}
CRITICAL - 2022-03-24 11:12:18 --> Undefined property: App\Libraries\Datatables::$request
#0 C:\xampp\htdocs\project\ci4starterkit\app\Libraries\Datatables.php(58): CodeIgniter\Debug\Exceptions->errorHandler(8, 'Undefined prope...', 'C:\\xampp\\htdocs...', 58, Array)
#1 C:\xampp\htdocs\project\ci4starterkit\app\Controllers\admin\Users.php(33): App\Libraries\Datatables->BuildDatatables('SELECT * FROM u...', Array, NULL, 'name LIKE '%%'')
#2 C:\xampp\htdocs\project\ci4starterkit\system\CodeIgniter.php(832): App\Controllers\Admin\Users->data()
#3 C:\xampp\htdocs\project\ci4starterkit\system\CodeIgniter.php(419): CodeIgniter\CodeIgniter->runController(Object(App\Controllers\Admin\Users))
#4 C:\xampp\htdocs\project\ci4starterkit\system\CodeIgniter.php(326): CodeIgniter\CodeIgniter->handleRequest(NULL, Object(Config\Cache), false)
#5 C:\xampp\htdocs\project\ci4starterkit\public\index.php(37): CodeIgniter\CodeIgniter->run()
#6 C:\xampp\htdocs\project\ci4starterkit\system\Commands\Server\rewrite.php(43): require_once('C:\\xampp\\htdocs...')
#7 {main}
ERROR - 2022-03-24 11:13:25 --> You have an error in your SQL syntax; check the manual that corresponds to your MariaDB server version for the right syntax to use near 'users_role_id = 1  ORDER BY id asc LIMIT 5 OFFSET 0' at line 1
CRITICAL - 2022-03-24 11:13:25 --> You have an error in your SQL syntax; check the manual that corresponds to your MariaDB server version for the right syntax to use near 'users_role_id = 1  ORDER BY id asc LIMIT 5 OFFSET 0' at line 1
#0 C:\xampp\htdocs\project\ci4starterkit\system\Database\MySQLi\Connection.php(292): mysqli->query('SELECT * FROM u...', 0)
#1 C:\xampp\htdocs\project\ci4starterkit\system\Database\BaseConnection.php(670): CodeIgniter\Database\MySQLi\Connection->execute('SELECT * FROM u...')
#2 C:\xampp\htdocs\project\ci4starterkit\system\Database\BaseConnection.php(598): CodeIgniter\Database\BaseConnection->simpleQuery('SELECT * FROM u...')
#3 C:\xampp\htdocs\project\ci4starterkit\app\Libraries\Datatables.php(42): CodeIgniter\Database\BaseConnection->query('SELECT * FROM u...')
#4 C:\xampp\htdocs\project\ci4starterkit\app\Controllers\admin\Users.php(33): App\Libraries\Datatables->BuildDatatables('SELECT * FROM u...', Array, ' users_role_id ...', 'name LIKE '%%'')
#5 C:\xampp\htdocs\project\ci4starterkit\system\CodeIgniter.php(832): App\Controllers\Admin\Users->data()
#6 C:\xampp\htdocs\project\ci4starterkit\system\CodeIgniter.php(419): CodeIgniter\CodeIgniter->runController(Object(App\Controllers\Admin\Users))
#7 C:\xampp\htdocs\project\ci4starterkit\system\CodeIgniter.php(326): CodeIgniter\CodeIgniter->handleRequest(NULL, Object(Config\Cache), false)
#8 C:\xampp\htdocs\project\ci4starterkit\public\index.php(37): CodeIgniter\CodeIgniter->run()
#9 C:\xampp\htdocs\project\ci4starterkit\system\Commands\Server\rewrite.php(43): require_once('C:\\xampp\\htdocs...')
#10 {main}
CRITICAL - 2022-03-24 11:16:51 --> The action you requested is not allowed.
#0 C:\xampp\htdocs\project\ci4starterkit\system\Security\Security.php(289): CodeIgniter\Security\Exceptions\SecurityException::forDisallowedAction()
#1 C:\xampp\htdocs\project\ci4starterkit\system\Filters\CSRF.php(53): CodeIgniter\Security\Security->verify(Object(CodeIgniter\HTTP\IncomingRequest))
#2 C:\xampp\htdocs\project\ci4starterkit\system\Filters\Filters.php(173): CodeIgniter\Filters\CSRF->before(Object(CodeIgniter\HTTP\IncomingRequest), NULL)
#3 C:\xampp\htdocs\project\ci4starterkit\system\CodeIgniter.php(393): CodeIgniter\Filters\Filters->run('admin/users/dat...', 'before')
#4 C:\xampp\htdocs\project\ci4starterkit\system\CodeIgniter.php(326): CodeIgniter\CodeIgniter->handleRequest(NULL, Object(Config\Cache), false)
#5 C:\xampp\htdocs\project\ci4starterkit\public\index.php(37): CodeIgniter\CodeIgniter->run()
#6 C:\xampp\htdocs\project\ci4starterkit\system\Commands\Server\rewrite.php(43): require_once('C:\\xampp\\htdocs...')
#7 {main}
CRITICAL - 2022-03-24 11:16:52 --> The action you requested is not allowed.
#0 C:\xampp\htdocs\project\ci4starterkit\system\Security\Security.php(289): CodeIgniter\Security\Exceptions\SecurityException::forDisallowedAction()
#1 C:\xampp\htdocs\project\ci4starterkit\system\Filters\CSRF.php(53): CodeIgniter\Security\Security->verify(Object(CodeIgniter\HTTP\IncomingRequest))
#2 C:\xampp\htdocs\project\ci4starterkit\system\Filters\Filters.php(173): CodeIgniter\Filters\CSRF->before(Object(CodeIgniter\HTTP\IncomingRequest), NULL)
#3 C:\xampp\htdocs\project\ci4starterkit\system\CodeIgniter.php(393): CodeIgniter\Filters\Filters->run('admin/users/dat...', 'before')
#4 C:\xampp\htdocs\project\ci4starterkit\system\CodeIgniter.php(326): CodeIgniter\CodeIgniter->handleRequest(NULL, Object(Config\Cache), false)
#5 C:\xampp\htdocs\project\ci4starterkit\public\index.php(37): CodeIgniter\CodeIgniter->run()
#6 C:\xampp\htdocs\project\ci4starterkit\system\Commands\Server\rewrite.php(43): require_once('C:\\xampp\\htdocs...')
#7 {main}
CRITICAL - 2022-03-24 11:19:01 --> The action you requested is not allowed.
#0 C:\xampp\htdocs\project\ci4starterkit\system\Security\Security.php(289): CodeIgniter\Security\Exceptions\SecurityException::forDisallowedAction()
#1 C:\xampp\htdocs\project\ci4starterkit\system\Filters\CSRF.php(53): CodeIgniter\Security\Security->verify(Object(CodeIgniter\HTTP\IncomingRequest))
#2 C:\xampp\htdocs\project\ci4starterkit\system\Filters\Filters.php(173): CodeIgniter\Filters\CSRF->before(Object(CodeIgniter\HTTP\IncomingRequest), NULL)
#3 C:\xampp\htdocs\project\ci4starterkit\system\CodeIgniter.php(393): CodeIgniter\Filters\Filters->run('admin/users/dat...', 'before')
#4 C:\xampp\htdocs\project\ci4starterkit\system\CodeIgniter.php(326): CodeIgniter\CodeIgniter->handleRequest(NULL, Object(Config\Cache), false)
#5 C:\xampp\htdocs\project\ci4starterkit\public\index.php(37): CodeIgniter\CodeIgniter->run()
#6 C:\xampp\htdocs\project\ci4starterkit\system\Commands\Server\rewrite.php(43): require_once('C:\\xampp\\htdocs...')
#7 {main}
CRITICAL - 2022-03-24 11:19:02 --> The action you requested is not allowed.
#0 C:\xampp\htdocs\project\ci4starterkit\system\Security\Security.php(289): CodeIgniter\Security\Exceptions\SecurityException::forDisallowedAction()
#1 C:\xampp\htdocs\project\ci4starterkit\system\Filters\CSRF.php(53): CodeIgniter\Security\Security->verify(Object(CodeIgniter\HTTP\IncomingRequest))
#2 C:\xampp\htdocs\project\ci4starterkit\system\Filters\Filters.php(173): CodeIgniter\Filters\CSRF->before(Object(CodeIgniter\HTTP\IncomingRequest), NULL)
#3 C:\xampp\htdocs\project\ci4starterkit\system\CodeIgniter.php(393): CodeIgniter\Filters\Filters->run('admin/users/dat...', 'before')
#4 C:\xampp\htdocs\project\ci4starterkit\system\CodeIgniter.php(326): CodeIgniter\CodeIgniter->handleRequest(NULL, Object(Config\Cache), false)
#5 C:\xampp\htdocs\project\ci4starterkit\public\index.php(37): CodeIgniter\CodeIgniter->run()
#6 C:\xampp\htdocs\project\ci4starterkit\system\Commands\Server\rewrite.php(43): require_once('C:\\xampp\\htdocs...')
#7 {main}
CRITICAL - 2022-03-24 11:20:33 --> The action you requested is not allowed.
#0 C:\xampp\htdocs\project\ci4starterkit\system\Security\Security.php(289): CodeIgniter\Security\Exceptions\SecurityException::forDisallowedAction()
#1 C:\xampp\htdocs\project\ci4starterkit\system\Filters\CSRF.php(53): CodeIgniter\Security\Security->verify(Object(CodeIgniter\HTTP\IncomingRequest))
#2 C:\xampp\htdocs\project\ci4starterkit\system\Filters\Filters.php(173): CodeIgniter\Filters\CSRF->before(Object(CodeIgniter\HTTP\IncomingRequest), NULL)
#3 C:\xampp\htdocs\project\ci4starterkit\system\CodeIgniter.php(393): CodeIgniter\Filters\Filters->run('admin/users/dat...', 'before')
#4 C:\xampp\htdocs\project\ci4starterkit\system\CodeIgniter.php(326): CodeIgniter\CodeIgniter->handleRequest(NULL, Object(Config\Cache), false)
#5 C:\xampp\htdocs\project\ci4starterkit\public\index.php(37): CodeIgniter\CodeIgniter->run()
#6 C:\xampp\htdocs\project\ci4starterkit\system\Commands\Server\rewrite.php(43): require_once('C:\\xampp\\htdocs...')
#7 {main}
CRITICAL - 2022-03-24 11:20:34 --> The action you requested is not allowed.
#0 C:\xampp\htdocs\project\ci4starterkit\system\Security\Security.php(289): CodeIgniter\Security\Exceptions\SecurityException::forDisallowedAction()
#1 C:\xampp\htdocs\project\ci4starterkit\system\Filters\CSRF.php(53): CodeIgniter\Security\Security->verify(Object(CodeIgniter\HTTP\IncomingRequest))
#2 C:\xampp\htdocs\project\ci4starterkit\system\Filters\Filters.php(173): CodeIgniter\Filters\CSRF->before(Object(CodeIgniter\HTTP\IncomingRequest), NULL)
#3 C:\xampp\htdocs\project\ci4starterkit\system\CodeIgniter.php(393): CodeIgniter\Filters\Filters->run('admin/users/dat...', 'before')
#4 C:\xampp\htdocs\project\ci4starterkit\system\CodeIgniter.php(326): CodeIgniter\CodeIgniter->handleRequest(NULL, Object(Config\Cache), false)
#5 C:\xampp\htdocs\project\ci4starterkit\public\index.php(37): CodeIgniter\CodeIgniter->run()
#6 C:\xampp\htdocs\project\ci4starterkit\system\Commands\Server\rewrite.php(43): require_once('C:\\xampp\\htdocs...')
#7 {main}
CRITICAL - 2022-03-24 11:21:42 --> The action you requested is not allowed.
#0 C:\xampp\htdocs\project\ci4starterkit\system\Security\Security.php(289): CodeIgniter\Security\Exceptions\SecurityException::forDisallowedAction()
#1 C:\xampp\htdocs\project\ci4starterkit\system\Filters\CSRF.php(53): CodeIgniter\Security\Security->verify(Object(CodeIgniter\HTTP\IncomingRequest))
#2 C:\xampp\htdocs\project\ci4starterkit\system\Filters\Filters.php(173): CodeIgniter\Filters\CSRF->before(Object(CodeIgniter\HTTP\IncomingRequest), NULL)
#3 C:\xampp\htdocs\project\ci4starterkit\system\CodeIgniter.php(393): CodeIgniter\Filters\Filters->run('admin/users/dat...', 'before')
#4 C:\xampp\htdocs\project\ci4starterkit\system\CodeIgniter.php(326): CodeIgniter\CodeIgniter->handleRequest(NULL, Object(Config\Cache), false)
#5 C:\xampp\htdocs\project\ci4starterkit\public\index.php(37): CodeIgniter\CodeIgniter->run()
#6 C:\xampp\htdocs\project\ci4starterkit\system\Commands\Server\rewrite.php(43): require_once('C:\\xampp\\htdocs...')
#7 {main}
CRITICAL - 2022-03-24 11:21:43 --> The action you requested is not allowed.
#0 C:\xampp\htdocs\project\ci4starterkit\system\Security\Security.php(289): CodeIgniter\Security\Exceptions\SecurityException::forDisallowedAction()
#1 C:\xampp\htdocs\project\ci4starterkit\system\Filters\CSRF.php(53): CodeIgniter\Security\Security->verify(Object(CodeIgniter\HTTP\IncomingRequest))
#2 C:\xampp\htdocs\project\ci4starterkit\system\Filters\Filters.php(173): CodeIgniter\Filters\CSRF->before(Object(CodeIgniter\HTTP\IncomingRequest), NULL)
#3 C:\xampp\htdocs\project\ci4starterkit\system\CodeIgniter.php(393): CodeIgniter\Filters\Filters->run('admin/users/dat...', 'before')
#4 C:\xampp\htdocs\project\ci4starterkit\system\CodeIgniter.php(326): CodeIgniter\CodeIgniter->handleRequest(NULL, Object(Config\Cache), false)
#5 C:\xampp\htdocs\project\ci4starterkit\public\index.php(37): CodeIgniter\CodeIgniter->run()
#6 C:\xampp\htdocs\project\ci4starterkit\system\Commands\Server\rewrite.php(43): require_once('C:\\xampp\\htdocs...')
#7 {main}
CRITICAL - 2022-03-24 11:28:31 --> Undefined index: search
#0 C:\xampp\htdocs\project\ci4starterkit\app\Libraries\Datatables.php(11): CodeIgniter\Debug\Exceptions->errorHandler(8, 'Undefined index...', 'C:\\xampp\\htdocs...', 11, Array)
#1 C:\xampp\htdocs\project\ci4starterkit\app\Controllers\admin\Users.php(33): App\Libraries\Datatables->BuildDatatables('SELECT * FROM u...', Array, ' AND users_role...', Array, 'csrf_test_name', '123fe378fc131ed...')
#2 C:\xampp\htdocs\project\ci4starterkit\system\CodeIgniter.php(832): App\Controllers\Admin\Users->data()
#3 C:\xampp\htdocs\project\ci4starterkit\system\CodeIgniter.php(419): CodeIgniter\CodeIgniter->runController(Object(App\Controllers\Admin\Users))
#4 C:\xampp\htdocs\project\ci4starterkit\system\CodeIgniter.php(326): CodeIgniter\CodeIgniter->handleRequest(NULL, Object(Config\Cache), false)
#5 C:\xampp\htdocs\project\ci4starterkit\public\index.php(37): CodeIgniter\CodeIgniter->run()
#6 C:\xampp\htdocs\project\ci4starterkit\system\Commands\Server\rewrite.php(43): require_once('C:\\xampp\\htdocs...')
#7 {main}
CRITICAL - 2022-03-24 11:29:43 --> The action you requested is not allowed.
#0 C:\xampp\htdocs\project\ci4starterkit\system\Security\Security.php(289): CodeIgniter\Security\Exceptions\SecurityException::forDisallowedAction()
#1 C:\xampp\htdocs\project\ci4starterkit\system\Filters\CSRF.php(53): CodeIgniter\Security\Security->verify(Object(CodeIgniter\HTTP\IncomingRequest))
#2 C:\xampp\htdocs\project\ci4starterkit\system\Filters\Filters.php(173): CodeIgniter\Filters\CSRF->before(Object(CodeIgniter\HTTP\IncomingRequest), NULL)
#3 C:\xampp\htdocs\project\ci4starterkit\system\CodeIgniter.php(393): CodeIgniter\Filters\Filters->run('admin/users/dat...', 'before')
#4 C:\xampp\htdocs\project\ci4starterkit\system\CodeIgniter.php(326): CodeIgniter\CodeIgniter->handleRequest(NULL, Object(Config\Cache), false)
#5 C:\xampp\htdocs\project\ci4starterkit\public\index.php(37): CodeIgniter\CodeIgniter->run()
#6 C:\xampp\htdocs\project\ci4starterkit\system\Commands\Server\rewrite.php(43): require_once('C:\\xampp\\htdocs...')
#7 {main}
CRITICAL - 2022-03-24 11:29:44 --> The action you requested is not allowed.
#0 C:\xampp\htdocs\project\ci4starterkit\system\Security\Security.php(289): CodeIgniter\Security\Exceptions\SecurityException::forDisallowedAction()
#1 C:\xampp\htdocs\project\ci4starterkit\system\Filters\CSRF.php(53): CodeIgniter\Security\Security->verify(Object(CodeIgniter\HTTP\IncomingRequest))
#2 C:\xampp\htdocs\project\ci4starterkit\system\Filters\Filters.php(173): CodeIgniter\Filters\CSRF->before(Object(CodeIgniter\HTTP\IncomingRequest), NULL)
#3 C:\xampp\htdocs\project\ci4starterkit\system\CodeIgniter.php(393): CodeIgniter\Filters\Filters->run('admin/users/dat...', 'before')
#4 C:\xampp\htdocs\project\ci4starterkit\system\CodeIgniter.php(326): CodeIgniter\CodeIgniter->handleRequest(NULL, Object(Config\Cache), false)
#5 C:\xampp\htdocs\project\ci4starterkit\public\index.php(37): CodeIgniter\CodeIgniter->run()
#6 C:\xampp\htdocs\project\ci4starterkit\system\Commands\Server\rewrite.php(43): require_once('C:\\xampp\\htdocs...')
#7 {main}
CRITICAL - 2022-03-24 11:30:53 --> The action you requested is not allowed.
#0 C:\xampp\htdocs\project\ci4starterkit\system\Security\Security.php(289): CodeIgniter\Security\Exceptions\SecurityException::forDisallowedAction()
#1 C:\xampp\htdocs\project\ci4starterkit\system\Filters\CSRF.php(53): CodeIgniter\Security\Security->verify(Object(CodeIgniter\HTTP\IncomingRequest))
#2 C:\xampp\htdocs\project\ci4starterkit\system\Filters\Filters.php(173): CodeIgniter\Filters\CSRF->before(Object(CodeIgniter\HTTP\IncomingRequest), NULL)
#3 C:\xampp\htdocs\project\ci4starterkit\system\CodeIgniter.php(393): CodeIgniter\Filters\Filters->run('admin/users/dat...', 'before')
#4 C:\xampp\htdocs\project\ci4starterkit\system\CodeIgniter.php(326): CodeIgniter\CodeIgniter->handleRequest(NULL, Object(Config\Cache), false)
#5 C:\xampp\htdocs\project\ci4starterkit\public\index.php(37): CodeIgniter\CodeIgniter->run()
#6 C:\xampp\htdocs\project\ci4starterkit\system\Commands\Server\rewrite.php(43): require_once('C:\\xampp\\htdocs...')
#7 {main}
CRITICAL - 2022-03-24 11:30:54 --> The action you requested is not allowed.
#0 C:\xampp\htdocs\project\ci4starterkit\system\Security\Security.php(289): CodeIgniter\Security\Exceptions\SecurityException::forDisallowedAction()
#1 C:\xampp\htdocs\project\ci4starterkit\system\Filters\CSRF.php(53): CodeIgniter\Security\Security->verify(Object(CodeIgniter\HTTP\IncomingRequest))
#2 C:\xampp\htdocs\project\ci4starterkit\system\Filters\Filters.php(173): CodeIgniter\Filters\CSRF->before(Object(CodeIgniter\HTTP\IncomingRequest), NULL)
#3 C:\xampp\htdocs\project\ci4starterkit\system\CodeIgniter.php(393): CodeIgniter\Filters\Filters->run('admin/users/dat...', 'before')
#4 C:\xampp\htdocs\project\ci4starterkit\system\CodeIgniter.php(326): CodeIgniter\CodeIgniter->handleRequest(NULL, Object(Config\Cache), false)
#5 C:\xampp\htdocs\project\ci4starterkit\public\index.php(37): CodeIgniter\CodeIgniter->run()
#6 C:\xampp\htdocs\project\ci4starterkit\system\Commands\Server\rewrite.php(43): require_once('C:\\xampp\\htdocs...')
#7 {main}
CRITICAL - 2022-03-24 11:34:14 --> The action you requested is not allowed.
#0 C:\xampp\htdocs\project\ci4starterkit\system\Security\Security.php(289): CodeIgniter\Security\Exceptions\SecurityException::forDisallowedAction()
#1 C:\xampp\htdocs\project\ci4starterkit\system\Filters\CSRF.php(53): CodeIgniter\Security\Security->verify(Object(CodeIgniter\HTTP\IncomingRequest))
#2 C:\xampp\htdocs\project\ci4starterkit\system\Filters\Filters.php(173): CodeIgniter\Filters\CSRF->before(Object(CodeIgniter\HTTP\IncomingRequest), NULL)
#3 C:\xampp\htdocs\project\ci4starterkit\system\CodeIgniter.php(393): CodeIgniter\Filters\Filters->run('admin/users/dat...', 'before')
#4 C:\xampp\htdocs\project\ci4starterkit\system\CodeIgniter.php(326): CodeIgniter\CodeIgniter->handleRequest(NULL, Object(Config\Cache), false)
#5 C:\xampp\htdocs\project\ci4starterkit\public\index.php(37): CodeIgniter\CodeIgniter->run()
#6 C:\xampp\htdocs\project\ci4starterkit\system\Commands\Server\rewrite.php(43): require_once('C:\\xampp\\htdocs...')
#7 {main}
CRITICAL - 2022-03-24 11:34:15 --> The action you requested is not allowed.
#0 C:\xampp\htdocs\project\ci4starterkit\system\Security\Security.php(289): CodeIgniter\Security\Exceptions\SecurityException::forDisallowedAction()
#1 C:\xampp\htdocs\project\ci4starterkit\system\Filters\CSRF.php(53): CodeIgniter\Security\Security->verify(Object(CodeIgniter\HTTP\IncomingRequest))
#2 C:\xampp\htdocs\project\ci4starterkit\system\Filters\Filters.php(173): CodeIgniter\Filters\CSRF->before(Object(CodeIgniter\HTTP\IncomingRequest), NULL)
#3 C:\xampp\htdocs\project\ci4starterkit\system\CodeIgniter.php(393): CodeIgniter\Filters\Filters->run('admin/users/dat...', 'before')
#4 C:\xampp\htdocs\project\ci4starterkit\system\CodeIgniter.php(326): CodeIgniter\CodeIgniter->handleRequest(NULL, Object(Config\Cache), false)
#5 C:\xampp\htdocs\project\ci4starterkit\public\index.php(37): CodeIgniter\CodeIgniter->run()
#6 C:\xampp\htdocs\project\ci4starterkit\system\Commands\Server\rewrite.php(43): require_once('C:\\xampp\\htdocs...')
#7 {main}
CRITICAL - 2022-03-24 11:35:58 --> The action you requested is not allowed.
#0 C:\xampp\htdocs\project\ci4starterkit\system\Security\Security.php(289): CodeIgniter\Security\Exceptions\SecurityException::forDisallowedAction()
#1 C:\xampp\htdocs\project\ci4starterkit\system\Filters\CSRF.php(53): CodeIgniter\Security\Security->verify(Object(CodeIgniter\HTTP\IncomingRequest))
#2 C:\xampp\htdocs\project\ci4starterkit\system\Filters\Filters.php(173): CodeIgniter\Filters\CSRF->before(Object(CodeIgniter\HTTP\IncomingRequest), NULL)
#3 C:\xampp\htdocs\project\ci4starterkit\system\CodeIgniter.php(393): CodeIgniter\Filters\Filters->run('admin/users/dat...', 'before')
#4 C:\xampp\htdocs\project\ci4starterkit\system\CodeIgniter.php(326): CodeIgniter\CodeIgniter->handleRequest(NULL, Object(Config\Cache), false)
#5 C:\xampp\htdocs\project\ci4starterkit\public\index.php(37): CodeIgniter\CodeIgniter->run()
#6 C:\xampp\htdocs\project\ci4starterkit\system\Commands\Server\rewrite.php(43): require_once('C:\\xampp\\htdocs...')
#7 {main}
CRITICAL - 2022-03-24 11:36:05 --> The action you requested is not allowed.
#0 C:\xampp\htdocs\project\ci4starterkit\system\Security\Security.php(289): CodeIgniter\Security\Exceptions\SecurityException::forDisallowedAction()
#1 C:\xampp\htdocs\project\ci4starterkit\system\Filters\CSRF.php(53): CodeIgniter\Security\Security->verify(Object(CodeIgniter\HTTP\IncomingRequest))
#2 C:\xampp\htdocs\project\ci4starterkit\system\Filters\Filters.php(173): CodeIgniter\Filters\CSRF->before(Object(CodeIgniter\HTTP\IncomingRequest), NULL)
#3 C:\xampp\htdocs\project\ci4starterkit\system\CodeIgniter.php(393): CodeIgniter\Filters\Filters->run('admin/users/dat...', 'before')
#4 C:\xampp\htdocs\project\ci4starterkit\system\CodeIgniter.php(326): CodeIgniter\CodeIgniter->handleRequest(NULL, Object(Config\Cache), false)
#5 C:\xampp\htdocs\project\ci4starterkit\public\index.php(37): CodeIgniter\CodeIgniter->run()
#6 C:\xampp\htdocs\project\ci4starterkit\system\Commands\Server\rewrite.php(43): require_once('C:\\xampp\\htdocs...')
#7 {main}
CRITICAL - 2022-03-24 11:36:05 --> The action you requested is not allowed.
#0 C:\xampp\htdocs\project\ci4starterkit\system\Security\Security.php(289): CodeIgniter\Security\Exceptions\SecurityException::forDisallowedAction()
#1 C:\xampp\htdocs\project\ci4starterkit\system\Filters\CSRF.php(53): CodeIgniter\Security\Security->verify(Object(CodeIgniter\HTTP\IncomingRequest))
#2 C:\xampp\htdocs\project\ci4starterkit\system\Filters\Filters.php(173): CodeIgniter\Filters\CSRF->before(Object(CodeIgniter\HTTP\IncomingRequest), NULL)
#3 C:\xampp\htdocs\project\ci4starterkit\system\CodeIgniter.php(393): CodeIgniter\Filters\Filters->run('admin/users/dat...', 'before')
#4 C:\xampp\htdocs\project\ci4starterkit\system\CodeIgniter.php(326): CodeIgniter\CodeIgniter->handleRequest(NULL, Object(Config\Cache), false)
#5 C:\xampp\htdocs\project\ci4starterkit\public\index.php(37): CodeIgniter\CodeIgniter->run()
#6 C:\xampp\htdocs\project\ci4starterkit\system\Commands\Server\rewrite.php(43): require_once('C:\\xampp\\htdocs...')
#7 {main}
CRITICAL - 2022-03-24 11:37:57 --> The action you requested is not allowed.
#0 C:\xampp\htdocs\project\ci4starterkit\system\Security\Security.php(289): CodeIgniter\Security\Exceptions\SecurityException::forDisallowedAction()
#1 C:\xampp\htdocs\project\ci4starterkit\system\Filters\CSRF.php(53): CodeIgniter\Security\Security->verify(Object(CodeIgniter\HTTP\IncomingRequest))
#2 C:\xampp\htdocs\project\ci4starterkit\system\Filters\Filters.php(173): CodeIgniter\Filters\CSRF->before(Object(CodeIgniter\HTTP\IncomingRequest), NULL)
#3 C:\xampp\htdocs\project\ci4starterkit\system\CodeIgniter.php(393): CodeIgniter\Filters\Filters->run('admin/users/dat...', 'before')
#4 C:\xampp\htdocs\project\ci4starterkit\system\CodeIgniter.php(326): CodeIgniter\CodeIgniter->handleRequest(NULL, Object(Config\Cache), false)
#5 C:\xampp\htdocs\project\ci4starterkit\public\index.php(37): CodeIgniter\CodeIgniter->run()
#6 C:\xampp\htdocs\project\ci4starterkit\system\Commands\Server\rewrite.php(43): require_once('C:\\xampp\\htdocs...')
#7 {main}
CRITICAL - 2022-03-24 11:37:58 --> The action you requested is not allowed.
#0 C:\xampp\htdocs\project\ci4starterkit\system\Security\Security.php(289): CodeIgniter\Security\Exceptions\SecurityException::forDisallowedAction()
#1 C:\xampp\htdocs\project\ci4starterkit\system\Filters\CSRF.php(53): CodeIgniter\Security\Security->verify(Object(CodeIgniter\HTTP\IncomingRequest))
#2 C:\xampp\htdocs\project\ci4starterkit\system\Filters\Filters.php(173): CodeIgniter\Filters\CSRF->before(Object(CodeIgniter\HTTP\IncomingRequest), NULL)
#3 C:\xampp\htdocs\project\ci4starterkit\system\CodeIgniter.php(393): CodeIgniter\Filters\Filters->run('admin/users/dat...', 'before')
#4 C:\xampp\htdocs\project\ci4starterkit\system\CodeIgniter.php(326): CodeIgniter\CodeIgniter->handleRequest(NULL, Object(Config\Cache), false)
#5 C:\xampp\htdocs\project\ci4starterkit\public\index.php(37): CodeIgniter\CodeIgniter->run()
#6 C:\xampp\htdocs\project\ci4starterkit\system\Commands\Server\rewrite.php(43): require_once('C:\\xampp\\htdocs...')
#7 {main}
CRITICAL - 2022-03-24 11:39:32 --> The action you requested is not allowed.
#0 C:\xampp\htdocs\project\ci4starterkit\system\Security\Security.php(289): CodeIgniter\Security\Exceptions\SecurityException::forDisallowedAction()
#1 C:\xampp\htdocs\project\ci4starterkit\system\Filters\CSRF.php(53): CodeIgniter\Security\Security->verify(Object(CodeIgniter\HTTP\IncomingRequest))
#2 C:\xampp\htdocs\project\ci4starterkit\system\Filters\Filters.php(173): CodeIgniter\Filters\CSRF->before(Object(CodeIgniter\HTTP\IncomingRequest), NULL)
#3 C:\xampp\htdocs\project\ci4starterkit\system\CodeIgniter.php(393): CodeIgniter\Filters\Filters->run('admin/users/dat...', 'before')
#4 C:\xampp\htdocs\project\ci4starterkit\system\CodeIgniter.php(326): CodeIgniter\CodeIgniter->handleRequest(NULL, Object(Config\Cache), false)
#5 C:\xampp\htdocs\project\ci4starterkit\public\index.php(37): CodeIgniter\CodeIgniter->run()
#6 C:\xampp\htdocs\project\ci4starterkit\system\Commands\Server\rewrite.php(43): require_once('C:\\xampp\\htdocs...')
#7 {main}
ERROR - 2022-03-24 12:00:03 --> Column 'id' in where clause is ambiguous
CRITICAL - 2022-03-24 12:00:03 --> Column 'id' in where clause is ambiguous
#0 C:\xampp\htdocs\project\ci4starterkit\system\Database\MySQLi\Connection.php(292): mysqli->query('SELECT users_ro...', 0)
#1 C:\xampp\htdocs\project\ci4starterkit\system\Database\BaseConnection.php(670): CodeIgniter\Database\MySQLi\Connection->execute('SELECT users_ro...')
#2 C:\xampp\htdocs\project\ci4starterkit\system\Database\BaseConnection.php(598): CodeIgniter\Database\BaseConnection->simpleQuery('SELECT users_ro...')
#3 C:\xampp\htdocs\project\ci4starterkit\app\Libraries\Datatables.php(46): CodeIgniter\Database\BaseConnection->query('SELECT users_ro...')
#4 C:\xampp\htdocs\project\ci4starterkit\app\Controllers\admin\Users.php(33): App\Libraries\Datatables->BuildDatatables('SELECT users_ro...', Array, ' AND users_role...', 'name LIKE '%%'')
#5 C:\xampp\htdocs\project\ci4starterkit\system\CodeIgniter.php(832): App\Controllers\Admin\Users->data()
#6 C:\xampp\htdocs\project\ci4starterkit\system\CodeIgniter.php(419): CodeIgniter\CodeIgniter->runController(Object(App\Controllers\Admin\Users))
#7 C:\xampp\htdocs\project\ci4starterkit\system\CodeIgniter.php(326): CodeIgniter\CodeIgniter->handleRequest(NULL, Object(Config\Cache), false)
#8 C:\xampp\htdocs\project\ci4starterkit\public\index.php(37): CodeIgniter\CodeIgniter->run()
#9 C:\xampp\htdocs\project\ci4starterkit\system\Commands\Server\rewrite.php(43): require_once('C:\\xampp\\htdocs...')
#10 {main}
ERROR - 2022-03-24 12:00:08 --> Column 'id' in where clause is ambiguous
CRITICAL - 2022-03-24 12:00:08 --> Column 'id' in where clause is ambiguous
#0 C:\xampp\htdocs\project\ci4starterkit\system\Database\MySQLi\Connection.php(292): mysqli->query('SELECT users_ro...', 0)
#1 C:\xampp\htdocs\project\ci4starterkit\system\Database\BaseConnection.php(670): CodeIgniter\Database\MySQLi\Connection->execute('SELECT users_ro...')
#2 C:\xampp\htdocs\project\ci4starterkit\system\Database\BaseConnection.php(598): CodeIgniter\Database\BaseConnection->simpleQuery('SELECT users_ro...')
#3 C:\xampp\htdocs\project\ci4starterkit\app\Libraries\Datatables.php(46): CodeIgniter\Database\BaseConnection->query('SELECT users_ro...')
#4 C:\xampp\htdocs\project\ci4starterkit\app\Controllers\admin\Users.php(33): App\Libraries\Datatables->BuildDatatables('SELECT users_ro...', Array, ' AND users_role...', 'name LIKE '%%'')
#5 C:\xampp\htdocs\project\ci4starterkit\system\CodeIgniter.php(832): App\Controllers\Admin\Users->data()
#6 C:\xampp\htdocs\project\ci4starterkit\system\CodeIgniter.php(419): CodeIgniter\CodeIgniter->runController(Object(App\Controllers\Admin\Users))
#7 C:\xampp\htdocs\project\ci4starterkit\system\CodeIgniter.php(326): CodeIgniter\CodeIgniter->handleRequest(NULL, Object(Config\Cache), false)
#8 C:\xampp\htdocs\project\ci4starterkit\public\index.php(37): CodeIgniter\CodeIgniter->run()
#9 C:\xampp\htdocs\project\ci4starterkit\system\Commands\Server\rewrite.php(43): require_once('C:\\xampp\\htdocs...')
#10 {main}
