CRITICAL - 2022-03-28 08:46:40 --> Call to a member function getResult() on array
#0 C:\xampp\htdocs\project\ci4starterkit\system\CodeIgniter.php(832): App\Controllers\Admin\Users->index()
#1 C:\xampp\htdocs\project\ci4starterkit\system\CodeIgniter.php(419): CodeIgniter\CodeIgniter->runController(Object(App\Controllers\Admin\Users))
#2 C:\xampp\htdocs\project\ci4starterkit\system\CodeIgniter.php(326): CodeIgniter\CodeIgniter->handleRequest(NULL, Object(Config\Cache), false)
#3 C:\xampp\htdocs\project\ci4starterkit\public\index.php(37): CodeIgniter\CodeIgniter->run()
#4 C:\xampp\htdocs\project\ci4starterkit\system\Commands\Server\rewrite.php(43): require_once('C:\\xampp\\htdocs...')
#5 {main}
CRITICAL - 2022-03-28 08:47:07 --> Trying to get property 'id' of non-object
#0 C:\xampp\htdocs\project\ci4starterkit\app\Views\contents\admin\users\index.php(183): CodeIgniter\Debug\Exceptions->errorHandler(8, 'Trying to get p...', 'C:\\xampp\\htdocs...', 183, Array)
#1 C:\xampp\htdocs\project\ci4starterkit\system\View\View.php(210): include('C:\\xampp\\htdocs...')
#2 C:\xampp\htdocs\project\ci4starterkit\system\View\View.php(213): CodeIgniter\View\View->CodeIgniter\View\{closure}()
#3 C:\xampp\htdocs\project\ci4starterkit\system\Common.php(1089): CodeIgniter\View\View->render('contents/admin/...', Array, true)
#4 C:\xampp\htdocs\project\ci4starterkit\app\Views\layouts\admin.php(53): view('contents/admin/...')
#5 C:\xampp\htdocs\project\ci4starterkit\system\View\View.php(210): include('C:\\xampp\\htdocs...')
#6 C:\xampp\htdocs\project\ci4starterkit\system\View\View.php(213): CodeIgniter\View\View->CodeIgniter\View\{closure}()
#7 C:\xampp\htdocs\project\ci4starterkit\system\Common.php(1089): CodeIgniter\View\View->render('layouts/admin', Array, true)
#8 C:\xampp\htdocs\project\ci4starterkit\app\Controllers\admin\Users.php(27): view('layouts/admin', Array)
#9 C:\xampp\htdocs\project\ci4starterkit\system\CodeIgniter.php(832): App\Controllers\Admin\Users->index()
#10 C:\xampp\htdocs\project\ci4starterkit\system\CodeIgniter.php(419): CodeIgniter\CodeIgniter->runController(Object(App\Controllers\Admin\Users))
#11 C:\xampp\htdocs\project\ci4starterkit\system\CodeIgniter.php(326): CodeIgniter\CodeIgniter->handleRequest(NULL, Object(Config\Cache), false)
#12 C:\xampp\htdocs\project\ci4starterkit\public\index.php(37): CodeIgniter\CodeIgniter->run()
#13 C:\xampp\htdocs\project\ci4starterkit\system\Commands\Server\rewrite.php(43): require_once('C:\\xampp\\htdocs...')
#14 {main}
CRITICAL - 2022-03-28 08:47:49 --> Call to a member function getResult() on array
#0 C:\xampp\htdocs\project\ci4starterkit\system\View\View.php(210): include()
#1 C:\xampp\htdocs\project\ci4starterkit\system\View\View.php(213): CodeIgniter\View\View->CodeIgniter\View\{closure}()
#2 C:\xampp\htdocs\project\ci4starterkit\system\Common.php(1089): CodeIgniter\View\View->render('contents/admin/...', Array, true)
#3 C:\xampp\htdocs\project\ci4starterkit\app\Views\layouts\admin.php(53): view('contents/admin/...')
#4 C:\xampp\htdocs\project\ci4starterkit\system\View\View.php(210): include('C:\\xampp\\htdocs...')
#5 C:\xampp\htdocs\project\ci4starterkit\system\View\View.php(213): CodeIgniter\View\View->CodeIgniter\View\{closure}()
#6 C:\xampp\htdocs\project\ci4starterkit\system\Common.php(1089): CodeIgniter\View\View->render('layouts/admin', Array, true)
#7 C:\xampp\htdocs\project\ci4starterkit\app\Controllers\admin\Users.php(27): view('layouts/admin', Array)
#8 C:\xampp\htdocs\project\ci4starterkit\system\CodeIgniter.php(832): App\Controllers\Admin\Users->index()
#9 C:\xampp\htdocs\project\ci4starterkit\system\CodeIgniter.php(419): CodeIgniter\CodeIgniter->runController(Object(App\Controllers\Admin\Users))
#10 C:\xampp\htdocs\project\ci4starterkit\system\CodeIgniter.php(326): CodeIgniter\CodeIgniter->handleRequest(NULL, Object(Config\Cache), false)
#11 C:\xampp\htdocs\project\ci4starterkit\public\index.php(37): CodeIgniter\CodeIgniter->run()
#12 C:\xampp\htdocs\project\ci4starterkit\system\Commands\Server\rewrite.php(43): require_once('C:\\xampp\\htdocs...')
#13 {main}
CRITICAL - 2022-03-28 09:24:59 --> The action you requested is not allowed.
#0 C:\xampp\htdocs\project\ci4starterkit\system\Security\Security.php(289): CodeIgniter\Security\Exceptions\SecurityException::forDisallowedAction()
#1 C:\xampp\htdocs\project\ci4starterkit\system\Filters\CSRF.php(53): CodeIgniter\Security\Security->verify(Object(CodeIgniter\HTTP\IncomingRequest))
#2 C:\xampp\htdocs\project\ci4starterkit\system\Filters\Filters.php(173): CodeIgniter\Filters\CSRF->before(Object(CodeIgniter\HTTP\IncomingRequest), NULL)
#3 C:\xampp\htdocs\project\ci4starterkit\system\CodeIgniter.php(393): CodeIgniter\Filters\Filters->run('admin/users/sto...', 'before')
#4 C:\xampp\htdocs\project\ci4starterkit\system\CodeIgniter.php(326): CodeIgniter\CodeIgniter->handleRequest(NULL, Object(Config\Cache), false)
#5 C:\xampp\htdocs\project\ci4starterkit\public\index.php(37): CodeIgniter\CodeIgniter->run()
#6 C:\xampp\htdocs\project\ci4starterkit\system\Commands\Server\rewrite.php(43): require_once('C:\\xampp\\htdocs...')
#7 {main}
CRITICAL - 2022-03-28 09:25:05 --> The action you requested is not allowed.
#0 C:\xampp\htdocs\project\ci4starterkit\system\Security\Security.php(289): CodeIgniter\Security\Exceptions\SecurityException::forDisallowedAction()
#1 C:\xampp\htdocs\project\ci4starterkit\system\Filters\CSRF.php(53): CodeIgniter\Security\Security->verify(Object(CodeIgniter\HTTP\IncomingRequest))
#2 C:\xampp\htdocs\project\ci4starterkit\system\Filters\Filters.php(173): CodeIgniter\Filters\CSRF->before(Object(CodeIgniter\HTTP\IncomingRequest), NULL)
#3 C:\xampp\htdocs\project\ci4starterkit\system\CodeIgniter.php(393): CodeIgniter\Filters\Filters->run('admin/users/sto...', 'before')
#4 C:\xampp\htdocs\project\ci4starterkit\system\CodeIgniter.php(326): CodeIgniter\CodeIgniter->handleRequest(NULL, Object(Config\Cache), false)
#5 C:\xampp\htdocs\project\ci4starterkit\public\index.php(37): CodeIgniter\CodeIgniter->run()
#6 C:\xampp\htdocs\project\ci4starterkit\system\Commands\Server\rewrite.php(43): require_once('C:\\xampp\\htdocs...')
#7 {main}
CRITICAL - 2022-03-28 09:25:47 --> The action you requested is not allowed.
#0 C:\xampp\htdocs\project\ci4starterkit\system\Security\Security.php(289): CodeIgniter\Security\Exceptions\SecurityException::forDisallowedAction()
#1 C:\xampp\htdocs\project\ci4starterkit\system\Filters\CSRF.php(53): CodeIgniter\Security\Security->verify(Object(CodeIgniter\HTTP\IncomingRequest))
#2 C:\xampp\htdocs\project\ci4starterkit\system\Filters\Filters.php(173): CodeIgniter\Filters\CSRF->before(Object(CodeIgniter\HTTP\IncomingRequest), NULL)
#3 C:\xampp\htdocs\project\ci4starterkit\system\CodeIgniter.php(393): CodeIgniter\Filters\Filters->run('admin/users/sto...', 'before')
#4 C:\xampp\htdocs\project\ci4starterkit\system\CodeIgniter.php(326): CodeIgniter\CodeIgniter->handleRequest(NULL, Object(Config\Cache), false)
#5 C:\xampp\htdocs\project\ci4starterkit\public\index.php(37): CodeIgniter\CodeIgniter->run()
#6 C:\xampp\htdocs\project\ci4starterkit\system\Commands\Server\rewrite.php(43): require_once('C:\\xampp\\htdocs...')
#7 {main}
CRITICAL - 2022-03-28 09:31:41 --> The action you requested is not allowed.
#0 C:\xampp\htdocs\project\ci4starterkit\system\Security\Security.php(289): CodeIgniter\Security\Exceptions\SecurityException::forDisallowedAction()
#1 C:\xampp\htdocs\project\ci4starterkit\system\Filters\CSRF.php(53): CodeIgniter\Security\Security->verify(Object(CodeIgniter\HTTP\IncomingRequest))
#2 C:\xampp\htdocs\project\ci4starterkit\system\Filters\Filters.php(173): CodeIgniter\Filters\CSRF->before(Object(CodeIgniter\HTTP\IncomingRequest), NULL)
#3 C:\xampp\htdocs\project\ci4starterkit\system\CodeIgniter.php(393): CodeIgniter\Filters\Filters->run('admin/users/sto...', 'before')
#4 C:\xampp\htdocs\project\ci4starterkit\system\CodeIgniter.php(326): CodeIgniter\CodeIgniter->handleRequest(NULL, Object(Config\Cache), false)
#5 C:\xampp\htdocs\project\ci4starterkit\public\index.php(37): CodeIgniter\CodeIgniter->run()
#6 C:\xampp\htdocs\project\ci4starterkit\system\Commands\Server\rewrite.php(43): require_once('C:\\xampp\\htdocs...')
#7 {main}
CRITICAL - 2022-03-28 09:31:46 --> The action you requested is not allowed.
#0 C:\xampp\htdocs\project\ci4starterkit\system\Security\Security.php(289): CodeIgniter\Security\Exceptions\SecurityException::forDisallowedAction()
#1 C:\xampp\htdocs\project\ci4starterkit\system\Filters\CSRF.php(53): CodeIgniter\Security\Security->verify(Object(CodeIgniter\HTTP\IncomingRequest))
#2 C:\xampp\htdocs\project\ci4starterkit\system\Filters\Filters.php(173): CodeIgniter\Filters\CSRF->before(Object(CodeIgniter\HTTP\IncomingRequest), NULL)
#3 C:\xampp\htdocs\project\ci4starterkit\system\CodeIgniter.php(393): CodeIgniter\Filters\Filters->run('admin/users/sto...', 'before')
#4 C:\xampp\htdocs\project\ci4starterkit\system\CodeIgniter.php(326): CodeIgniter\CodeIgniter->handleRequest(NULL, Object(Config\Cache), false)
#5 C:\xampp\htdocs\project\ci4starterkit\public\index.php(37): CodeIgniter\CodeIgniter->run()
#6 C:\xampp\htdocs\project\ci4starterkit\system\Commands\Server\rewrite.php(43): require_once('C:\\xampp\\htdocs...')
#7 {main}
CRITICAL - 2022-03-28 09:32:39 --> The action you requested is not allowed.
#0 C:\xampp\htdocs\project\ci4starterkit\system\Security\Security.php(289): CodeIgniter\Security\Exceptions\SecurityException::forDisallowedAction()
#1 C:\xampp\htdocs\project\ci4starterkit\system\Filters\CSRF.php(53): CodeIgniter\Security\Security->verify(Object(CodeIgniter\HTTP\IncomingRequest))
#2 C:\xampp\htdocs\project\ci4starterkit\system\Filters\Filters.php(173): CodeIgniter\Filters\CSRF->before(Object(CodeIgniter\HTTP\IncomingRequest), NULL)
#3 C:\xampp\htdocs\project\ci4starterkit\system\CodeIgniter.php(393): CodeIgniter\Filters\Filters->run('admin/users/sto...', 'before')
#4 C:\xampp\htdocs\project\ci4starterkit\system\CodeIgniter.php(326): CodeIgniter\CodeIgniter->handleRequest(NULL, Object(Config\Cache), false)
#5 C:\xampp\htdocs\project\ci4starterkit\public\index.php(37): CodeIgniter\CodeIgniter->run()
#6 C:\xampp\htdocs\project\ci4starterkit\system\Commands\Server\rewrite.php(43): require_once('C:\\xampp\\htdocs...')
#7 {main}
CRITICAL - 2022-03-28 09:38:14 --> The action you requested is not allowed.
#0 C:\xampp\htdocs\project\ci4starterkit\system\Security\Security.php(289): CodeIgniter\Security\Exceptions\SecurityException::forDisallowedAction()
#1 C:\xampp\htdocs\project\ci4starterkit\system\Filters\CSRF.php(53): CodeIgniter\Security\Security->verify(Object(CodeIgniter\HTTP\IncomingRequest))
#2 C:\xampp\htdocs\project\ci4starterkit\system\Filters\Filters.php(173): CodeIgniter\Filters\CSRF->before(Object(CodeIgniter\HTTP\IncomingRequest), NULL)
#3 C:\xampp\htdocs\project\ci4starterkit\system\CodeIgniter.php(393): CodeIgniter\Filters\Filters->run('admin/users/sto...', 'before')
#4 C:\xampp\htdocs\project\ci4starterkit\system\CodeIgniter.php(326): CodeIgniter\CodeIgniter->handleRequest(NULL, Object(Config\Cache), false)
#5 C:\xampp\htdocs\project\ci4starterkit\public\index.php(37): CodeIgniter\CodeIgniter->run()
#6 C:\xampp\htdocs\project\ci4starterkit\system\Commands\Server\rewrite.php(43): require_once('C:\\xampp\\htdocs...')
#7 {main}
CRITICAL - 2022-03-28 09:38:20 --> The action you requested is not allowed.
#0 C:\xampp\htdocs\project\ci4starterkit\system\Security\Security.php(289): CodeIgniter\Security\Exceptions\SecurityException::forDisallowedAction()
#1 C:\xampp\htdocs\project\ci4starterkit\system\Filters\CSRF.php(53): CodeIgniter\Security\Security->verify(Object(CodeIgniter\HTTP\IncomingRequest))
#2 C:\xampp\htdocs\project\ci4starterkit\system\Filters\Filters.php(173): CodeIgniter\Filters\CSRF->before(Object(CodeIgniter\HTTP\IncomingRequest), NULL)
#3 C:\xampp\htdocs\project\ci4starterkit\system\CodeIgniter.php(393): CodeIgniter\Filters\Filters->run('admin/users/sto...', 'before')
#4 C:\xampp\htdocs\project\ci4starterkit\system\CodeIgniter.php(326): CodeIgniter\CodeIgniter->handleRequest(NULL, Object(Config\Cache), false)
#5 C:\xampp\htdocs\project\ci4starterkit\public\index.php(37): CodeIgniter\CodeIgniter->run()
#6 C:\xampp\htdocs\project\ci4starterkit\system\Commands\Server\rewrite.php(43): require_once('C:\\xampp\\htdocs...')
#7 {main}
CRITICAL - 2022-03-28 09:40:09 --> The action you requested is not allowed.
#0 C:\xampp\htdocs\project\ci4starterkit\system\Security\Security.php(289): CodeIgniter\Security\Exceptions\SecurityException::forDisallowedAction()
#1 C:\xampp\htdocs\project\ci4starterkit\system\Filters\CSRF.php(53): CodeIgniter\Security\Security->verify(Object(CodeIgniter\HTTP\IncomingRequest))
#2 C:\xampp\htdocs\project\ci4starterkit\system\Filters\Filters.php(173): CodeIgniter\Filters\CSRF->before(Object(CodeIgniter\HTTP\IncomingRequest), NULL)
#3 C:\xampp\htdocs\project\ci4starterkit\system\CodeIgniter.php(393): CodeIgniter\Filters\Filters->run('admin/users/sto...', 'before')
#4 C:\xampp\htdocs\project\ci4starterkit\system\CodeIgniter.php(326): CodeIgniter\CodeIgniter->handleRequest(NULL, Object(Config\Cache), false)
#5 C:\xampp\htdocs\project\ci4starterkit\public\index.php(37): CodeIgniter\CodeIgniter->run()
#6 C:\xampp\htdocs\project\ci4starterkit\system\Commands\Server\rewrite.php(43): require_once('C:\\xampp\\htdocs...')
#7 {main}
CRITICAL - 2022-03-28 09:42:49 --> The action you requested is not allowed.
#0 C:\xampp\htdocs\project\ci4starterkit\system\Security\Security.php(289): CodeIgniter\Security\Exceptions\SecurityException::forDisallowedAction()
#1 C:\xampp\htdocs\project\ci4starterkit\system\Filters\CSRF.php(53): CodeIgniter\Security\Security->verify(Object(CodeIgniter\HTTP\IncomingRequest))
#2 C:\xampp\htdocs\project\ci4starterkit\system\Filters\Filters.php(173): CodeIgniter\Filters\CSRF->before(Object(CodeIgniter\HTTP\IncomingRequest), NULL)
#3 C:\xampp\htdocs\project\ci4starterkit\system\CodeIgniter.php(393): CodeIgniter\Filters\Filters->run('admin/users/sto...', 'before')
#4 C:\xampp\htdocs\project\ci4starterkit\system\CodeIgniter.php(326): CodeIgniter\CodeIgniter->handleRequest(NULL, Object(Config\Cache), false)
#5 C:\xampp\htdocs\project\ci4starterkit\public\index.php(37): CodeIgniter\CodeIgniter->run()
#6 C:\xampp\htdocs\project\ci4starterkit\system\Commands\Server\rewrite.php(43): require_once('C:\\xampp\\htdocs...')
#7 {main}
CRITICAL - 2022-03-28 09:44:00 --> The action you requested is not allowed.
#0 C:\xampp\htdocs\project\ci4starterkit\system\Security\Security.php(289): CodeIgniter\Security\Exceptions\SecurityException::forDisallowedAction()
#1 C:\xampp\htdocs\project\ci4starterkit\system\Filters\CSRF.php(53): CodeIgniter\Security\Security->verify(Object(CodeIgniter\HTTP\IncomingRequest))
#2 C:\xampp\htdocs\project\ci4starterkit\system\Filters\Filters.php(173): CodeIgniter\Filters\CSRF->before(Object(CodeIgniter\HTTP\IncomingRequest), NULL)
#3 C:\xampp\htdocs\project\ci4starterkit\system\CodeIgniter.php(393): CodeIgniter\Filters\Filters->run('admin/users/sto...', 'before')
#4 C:\xampp\htdocs\project\ci4starterkit\system\CodeIgniter.php(326): CodeIgniter\CodeIgniter->handleRequest(NULL, Object(Config\Cache), false)
#5 C:\xampp\htdocs\project\ci4starterkit\public\index.php(37): CodeIgniter\CodeIgniter->run()
#6 C:\xampp\htdocs\project\ci4starterkit\system\Commands\Server\rewrite.php(43): require_once('C:\\xampp\\htdocs...')
#7 {main}
CRITICAL - 2022-03-28 09:48:49 --> before filter must have a matching alias defined.
#0 C:\xampp\htdocs\project\ci4starterkit\system\Filters\Filters.php(493): CodeIgniter\Filters\Exceptions\FilterException::forNoAlias('before')
#1 C:\xampp\htdocs\project\ci4starterkit\system\Filters\Filters.php(243): CodeIgniter\Filters\Filters->processAliasesToClass('before')
#2 C:\xampp\htdocs\project\ci4starterkit\system\Filters\Filters.php(163): CodeIgniter\Filters\Filters->initialize('admin/users')
#3 C:\xampp\htdocs\project\ci4starterkit\system\CodeIgniter.php(393): CodeIgniter\Filters\Filters->run('admin/users', 'before')
#4 C:\xampp\htdocs\project\ci4starterkit\system\CodeIgniter.php(326): CodeIgniter\CodeIgniter->handleRequest(NULL, Object(Config\Cache), false)
#5 C:\xampp\htdocs\project\ci4starterkit\public\index.php(37): CodeIgniter\CodeIgniter->run()
#6 C:\xampp\htdocs\project\ci4starterkit\system\Commands\Server\rewrite.php(43): require_once('C:\\xampp\\htdocs...')
#7 {main}
CRITICAL - 2022-03-28 09:49:13 --> The action you requested is not allowed.
#0 C:\xampp\htdocs\project\ci4starterkit\system\Security\Security.php(289): CodeIgniter\Security\Exceptions\SecurityException::forDisallowedAction()
#1 C:\xampp\htdocs\project\ci4starterkit\system\Filters\CSRF.php(53): CodeIgniter\Security\Security->verify(Object(CodeIgniter\HTTP\IncomingRequest))
#2 C:\xampp\htdocs\project\ci4starterkit\system\Filters\Filters.php(173): CodeIgniter\Filters\CSRF->before(Object(CodeIgniter\HTTP\IncomingRequest), NULL)
#3 C:\xampp\htdocs\project\ci4starterkit\system\CodeIgniter.php(393): CodeIgniter\Filters\Filters->run('admin/users/sto...', 'before')
#4 C:\xampp\htdocs\project\ci4starterkit\system\CodeIgniter.php(326): CodeIgniter\CodeIgniter->handleRequest(NULL, Object(Config\Cache), false)
#5 C:\xampp\htdocs\project\ci4starterkit\public\index.php(37): CodeIgniter\CodeIgniter->run()
#6 C:\xampp\htdocs\project\ci4starterkit\system\Commands\Server\rewrite.php(43): require_once('C:\\xampp\\htdocs...')
#7 {main}
CRITICAL - 2022-03-28 09:56:20 --> The action you requested is not allowed.
#0 C:\xampp\htdocs\project\ci4starterkit\system\Security\Security.php(289): CodeIgniter\Security\Exceptions\SecurityException::forDisallowedAction()
#1 C:\xampp\htdocs\project\ci4starterkit\system\Filters\CSRF.php(53): CodeIgniter\Security\Security->verify(Object(CodeIgniter\HTTP\IncomingRequest))
#2 C:\xampp\htdocs\project\ci4starterkit\system\Filters\Filters.php(173): CodeIgniter\Filters\CSRF->before(Object(CodeIgniter\HTTP\IncomingRequest), NULL)
#3 C:\xampp\htdocs\project\ci4starterkit\system\CodeIgniter.php(393): CodeIgniter\Filters\Filters->run('admin/users/sto...', 'before')
#4 C:\xampp\htdocs\project\ci4starterkit\system\CodeIgniter.php(326): CodeIgniter\CodeIgniter->handleRequest(NULL, Object(Config\Cache), false)
#5 C:\xampp\htdocs\project\ci4starterkit\public\index.php(37): CodeIgniter\CodeIgniter->run()
#6 C:\xampp\htdocs\project\ci4starterkit\system\Commands\Server\rewrite.php(43): require_once('C:\\xampp\\htdocs...')
#7 {main}
CRITICAL - 2022-03-28 09:57:11 --> The action you requested is not allowed.
#0 C:\xampp\htdocs\project\ci4starterkit\system\Security\Security.php(289): CodeIgniter\Security\Exceptions\SecurityException::forDisallowedAction()
#1 C:\xampp\htdocs\project\ci4starterkit\system\Filters\CSRF.php(53): CodeIgniter\Security\Security->verify(Object(CodeIgniter\HTTP\IncomingRequest))
#2 C:\xampp\htdocs\project\ci4starterkit\system\Filters\Filters.php(173): CodeIgniter\Filters\CSRF->before(Object(CodeIgniter\HTTP\IncomingRequest), NULL)
#3 C:\xampp\htdocs\project\ci4starterkit\system\CodeIgniter.php(393): CodeIgniter\Filters\Filters->run('admin/users/sto...', 'before')
#4 C:\xampp\htdocs\project\ci4starterkit\system\CodeIgniter.php(326): CodeIgniter\CodeIgniter->handleRequest(NULL, Object(Config\Cache), false)
#5 C:\xampp\htdocs\project\ci4starterkit\public\index.php(37): CodeIgniter\CodeIgniter->run()
#6 C:\xampp\htdocs\project\ci4starterkit\system\Commands\Server\rewrite.php(43): require_once('C:\\xampp\\htdocs...')
#7 {main}
CRITICAL - 2022-03-28 09:57:23 --> The action you requested is not allowed.
#0 C:\xampp\htdocs\project\ci4starterkit\system\Security\Security.php(289): CodeIgniter\Security\Exceptions\SecurityException::forDisallowedAction()
#1 C:\xampp\htdocs\project\ci4starterkit\system\Filters\CSRF.php(53): CodeIgniter\Security\Security->verify(Object(CodeIgniter\HTTP\IncomingRequest))
#2 C:\xampp\htdocs\project\ci4starterkit\system\Filters\Filters.php(173): CodeIgniter\Filters\CSRF->before(Object(CodeIgniter\HTTP\IncomingRequest), NULL)
#3 C:\xampp\htdocs\project\ci4starterkit\system\CodeIgniter.php(393): CodeIgniter\Filters\Filters->run('admin/users/sto...', 'before')
#4 C:\xampp\htdocs\project\ci4starterkit\system\CodeIgniter.php(326): CodeIgniter\CodeIgniter->handleRequest(NULL, Object(Config\Cache), false)
#5 C:\xampp\htdocs\project\ci4starterkit\public\index.php(37): CodeIgniter\CodeIgniter->run()
#6 C:\xampp\htdocs\project\ci4starterkit\system\Commands\Server\rewrite.php(43): require_once('C:\\xampp\\htdocs...')
#7 {main}
CRITICAL - 2022-03-28 10:01:27 --> Undefined variable: form_csrf
#0 C:\xampp\htdocs\project\ci4starterkit\app\Views\components\ajax\ajax_form.php(50): CodeIgniter\Debug\Exceptions->errorHandler(8, 'Undefined varia...', 'C:\\xampp\\htdocs...', 50, Array)
#1 C:\xampp\htdocs\project\ci4starterkit\system\View\View.php(210): include('C:\\xampp\\htdocs...')
#2 C:\xampp\htdocs\project\ci4starterkit\system\View\View.php(213): CodeIgniter\View\View->CodeIgniter\View\{closure}()
#3 C:\xampp\htdocs\project\ci4starterkit\system\Common.php(1089): CodeIgniter\View\View->render('components/ajax...', Array, true)
#4 C:\xampp\htdocs\project\ci4starterkit\app\Views\contents\admin\users\js\index_js.php(7): view('components/ajax...', Array)
#5 C:\xampp\htdocs\project\ci4starterkit\system\View\View.php(210): include('C:\\xampp\\htdocs...')
#6 C:\xampp\htdocs\project\ci4starterkit\system\View\View.php(213): CodeIgniter\View\View->CodeIgniter\View\{closure}()
#7 C:\xampp\htdocs\project\ci4starterkit\system\Common.php(1089): CodeIgniter\View\View->render('contents/admin/...', Array, true)
#8 C:\xampp\htdocs\project\ci4starterkit\app\Views\contents\admin\users\index.php(104): view('contents/admin/...')
#9 C:\xampp\htdocs\project\ci4starterkit\system\View\View.php(210): include('C:\\xampp\\htdocs...')
#10 C:\xampp\htdocs\project\ci4starterkit\system\View\View.php(213): CodeIgniter\View\View->CodeIgniter\View\{closure}()
#11 C:\xampp\htdocs\project\ci4starterkit\system\Common.php(1089): CodeIgniter\View\View->render('contents/admin/...', Array, true)
#12 C:\xampp\htdocs\project\ci4starterkit\app\Views\layouts\admin.php(53): view('contents/admin/...')
#13 C:\xampp\htdocs\project\ci4starterkit\system\View\View.php(210): include('C:\\xampp\\htdocs...')
#14 C:\xampp\htdocs\project\ci4starterkit\system\View\View.php(213): CodeIgniter\View\View->CodeIgniter\View\{closure}()
#15 C:\xampp\htdocs\project\ci4starterkit\system\Common.php(1089): CodeIgniter\View\View->render('layouts/admin', Array, true)
#16 C:\xampp\htdocs\project\ci4starterkit\app\Controllers\admin\Users.php(27): view('layouts/admin', Array)
#17 C:\xampp\htdocs\project\ci4starterkit\system\CodeIgniter.php(832): App\Controllers\Admin\Users->index()
#18 C:\xampp\htdocs\project\ci4starterkit\system\CodeIgniter.php(419): CodeIgniter\CodeIgniter->runController(Object(App\Controllers\Admin\Users))
#19 C:\xampp\htdocs\project\ci4starterkit\system\CodeIgniter.php(326): CodeIgniter\CodeIgniter->handleRequest(NULL, Object(Config\Cache), false)
#20 C:\xampp\htdocs\project\ci4starterkit\public\index.php(37): CodeIgniter\CodeIgniter->run()
#21 C:\xampp\htdocs\project\ci4starterkit\system\Commands\Server\rewrite.php(43): require_once('C:\\xampp\\htdocs...')
#22 {main}
CRITICAL - 2022-03-28 10:01:41 --> The action you requested is not allowed.
#0 C:\xampp\htdocs\project\ci4starterkit\system\Security\Security.php(289): CodeIgniter\Security\Exceptions\SecurityException::forDisallowedAction()
#1 C:\xampp\htdocs\project\ci4starterkit\system\Filters\CSRF.php(53): CodeIgniter\Security\Security->verify(Object(CodeIgniter\HTTP\IncomingRequest))
#2 C:\xampp\htdocs\project\ci4starterkit\system\Filters\Filters.php(173): CodeIgniter\Filters\CSRF->before(Object(CodeIgniter\HTTP\IncomingRequest), NULL)
#3 C:\xampp\htdocs\project\ci4starterkit\system\CodeIgniter.php(393): CodeIgniter\Filters\Filters->run('admin/users/sto...', 'before')
#4 C:\xampp\htdocs\project\ci4starterkit\system\CodeIgniter.php(326): CodeIgniter\CodeIgniter->handleRequest(NULL, Object(Config\Cache), false)
#5 C:\xampp\htdocs\project\ci4starterkit\public\index.php(37): CodeIgniter\CodeIgniter->run()
#6 C:\xampp\htdocs\project\ci4starterkit\system\Commands\Server\rewrite.php(43): require_once('C:\\xampp\\htdocs...')
#7 {main}
CRITICAL - 2022-03-28 10:01:57 --> The action you requested is not allowed.
#0 C:\xampp\htdocs\project\ci4starterkit\system\Security\Security.php(289): CodeIgniter\Security\Exceptions\SecurityException::forDisallowedAction()
#1 C:\xampp\htdocs\project\ci4starterkit\system\Filters\CSRF.php(53): CodeIgniter\Security\Security->verify(Object(CodeIgniter\HTTP\IncomingRequest))
#2 C:\xampp\htdocs\project\ci4starterkit\system\Filters\Filters.php(173): CodeIgniter\Filters\CSRF->before(Object(CodeIgniter\HTTP\IncomingRequest), NULL)
#3 C:\xampp\htdocs\project\ci4starterkit\system\CodeIgniter.php(393): CodeIgniter\Filters\Filters->run('admin/users/sto...', 'before')
#4 C:\xampp\htdocs\project\ci4starterkit\system\CodeIgniter.php(326): CodeIgniter\CodeIgniter->handleRequest(NULL, Object(Config\Cache), false)
#5 C:\xampp\htdocs\project\ci4starterkit\public\index.php(37): CodeIgniter\CodeIgniter->run()
#6 C:\xampp\htdocs\project\ci4starterkit\system\Commands\Server\rewrite.php(43): require_once('C:\\xampp\\htdocs...')
#7 {main}
CRITICAL - 2022-03-28 10:09:19 --> The action you requested is not allowed.
#0 C:\xampp\htdocs\project\ci4starterkit\system\Security\Security.php(289): CodeIgniter\Security\Exceptions\SecurityException::forDisallowedAction()
#1 C:\xampp\htdocs\project\ci4starterkit\system\Filters\CSRF.php(53): CodeIgniter\Security\Security->verify(Object(CodeIgniter\HTTP\IncomingRequest))
#2 C:\xampp\htdocs\project\ci4starterkit\system\Filters\Filters.php(173): CodeIgniter\Filters\CSRF->before(Object(CodeIgniter\HTTP\IncomingRequest), NULL)
#3 C:\xampp\htdocs\project\ci4starterkit\system\CodeIgniter.php(393): CodeIgniter\Filters\Filters->run('admin/users/dat...', 'before')
#4 C:\xampp\htdocs\project\ci4starterkit\system\CodeIgniter.php(326): CodeIgniter\CodeIgniter->handleRequest(NULL, Object(Config\Cache), false)
#5 C:\xampp\htdocs\project\ci4starterkit\public\index.php(37): CodeIgniter\CodeIgniter->run()
#6 C:\xampp\htdocs\project\ci4starterkit\system\Commands\Server\rewrite.php(43): require_once('C:\\xampp\\htdocs...')
#7 {main}
CRITICAL - 2022-03-28 10:11:21 --> Invalid argument supplied for foreach()
#0 C:\xampp\htdocs\project\ci4starterkit\app\Libraries\Datatables.php(21): CodeIgniter\Debug\Exceptions->errorHandler(2, 'Invalid argumen...', 'C:\\xampp\\htdocs...', 21, Array)
#1 C:\xampp\htdocs\project\ci4starterkit\app\Controllers\admin\Users.php(36): App\Libraries\Datatables->BuildDatatables('SELECT users_ro...', NULL, NULL, Array)
#2 C:\xampp\htdocs\project\ci4starterkit\system\CodeIgniter.php(832): App\Controllers\Admin\Users->data()
#3 C:\xampp\htdocs\project\ci4starterkit\system\CodeIgniter.php(419): CodeIgniter\CodeIgniter->runController(Object(App\Controllers\Admin\Users))
#4 C:\xampp\htdocs\project\ci4starterkit\system\CodeIgniter.php(326): CodeIgniter\CodeIgniter->handleRequest(NULL, Object(Config\Cache), false)
#5 C:\xampp\htdocs\project\ci4starterkit\public\index.php(37): CodeIgniter\CodeIgniter->run()
#6 C:\xampp\htdocs\project\ci4starterkit\system\Commands\Server\rewrite.php(43): require_once('C:\\xampp\\htdocs...')
#7 {main}
CRITICAL - 2022-03-28 10:11:24 --> Invalid argument supplied for foreach()
#0 C:\xampp\htdocs\project\ci4starterkit\app\Libraries\Datatables.php(21): CodeIgniter\Debug\Exceptions->errorHandler(2, 'Invalid argumen...', 'C:\\xampp\\htdocs...', 21, Array)
#1 C:\xampp\htdocs\project\ci4starterkit\app\Controllers\admin\Users.php(36): App\Libraries\Datatables->BuildDatatables('SELECT users_ro...', NULL, NULL, Array)
#2 C:\xampp\htdocs\project\ci4starterkit\system\CodeIgniter.php(832): App\Controllers\Admin\Users->data()
#3 C:\xampp\htdocs\project\ci4starterkit\system\CodeIgniter.php(419): CodeIgniter\CodeIgniter->runController(Object(App\Controllers\Admin\Users))
#4 C:\xampp\htdocs\project\ci4starterkit\system\CodeIgniter.php(326): CodeIgniter\CodeIgniter->handleRequest(NULL, Object(Config\Cache), false)
#5 C:\xampp\htdocs\project\ci4starterkit\public\index.php(37): CodeIgniter\CodeIgniter->run()
#6 C:\xampp\htdocs\project\ci4starterkit\system\Commands\Server\rewrite.php(43): require_once('C:\\xampp\\htdocs...')
#7 {main}
CRITICAL - 2022-03-28 10:11:36 --> Invalid argument supplied for foreach()
#0 C:\xampp\htdocs\project\ci4starterkit\app\Libraries\Datatables.php(21): CodeIgniter\Debug\Exceptions->errorHandler(2, 'Invalid argumen...', 'C:\\xampp\\htdocs...', 21, Array)
#1 C:\xampp\htdocs\project\ci4starterkit\app\Controllers\admin\Users.php(36): App\Libraries\Datatables->BuildDatatables('SELECT users_ro...', NULL, NULL, Array)
#2 C:\xampp\htdocs\project\ci4starterkit\system\CodeIgniter.php(832): App\Controllers\Admin\Users->data()
#3 C:\xampp\htdocs\project\ci4starterkit\system\CodeIgniter.php(419): CodeIgniter\CodeIgniter->runController(Object(App\Controllers\Admin\Users))
#4 C:\xampp\htdocs\project\ci4starterkit\system\CodeIgniter.php(326): CodeIgniter\CodeIgniter->handleRequest(NULL, Object(Config\Cache), false)
#5 C:\xampp\htdocs\project\ci4starterkit\public\index.php(37): CodeIgniter\CodeIgniter->run()
#6 C:\xampp\htdocs\project\ci4starterkit\system\Commands\Server\rewrite.php(43): require_once('C:\\xampp\\htdocs...')
#7 {main}
CRITICAL - 2022-03-28 10:14:24 --> The action you requested is not allowed.
#0 C:\xampp\htdocs\project\ci4starterkit\system\Security\Security.php(289): CodeIgniter\Security\Exceptions\SecurityException::forDisallowedAction()
#1 C:\xampp\htdocs\project\ci4starterkit\system\Filters\CSRF.php(53): CodeIgniter\Security\Security->verify(Object(CodeIgniter\HTTP\IncomingRequest))
#2 C:\xampp\htdocs\project\ci4starterkit\system\Filters\Filters.php(173): CodeIgniter\Filters\CSRF->before(Object(CodeIgniter\HTTP\IncomingRequest), NULL)
#3 C:\xampp\htdocs\project\ci4starterkit\system\CodeIgniter.php(393): CodeIgniter\Filters\Filters->run('admin/users/dat...', 'before')
#4 C:\xampp\htdocs\project\ci4starterkit\system\CodeIgniter.php(326): CodeIgniter\CodeIgniter->handleRequest(NULL, Object(Config\Cache), false)
#5 C:\xampp\htdocs\project\ci4starterkit\public\index.php(37): CodeIgniter\CodeIgniter->run()
#6 C:\xampp\htdocs\project\ci4starterkit\system\Commands\Server\rewrite.php(43): require_once('C:\\xampp\\htdocs...')
#7 {main}
CRITICAL - 2022-03-28 10:14:56 --> Undefined index: search
#0 C:\xampp\htdocs\project\ci4starterkit\app\Libraries\Datatables.php(11): CodeIgniter\Debug\Exceptions->errorHandler(8, 'Undefined index...', 'C:\\xampp\\htdocs...', 11, Array)
#1 C:\xampp\htdocs\project\ci4starterkit\app\Controllers\admin\Users.php(36): App\Libraries\Datatables->BuildDatatables('SELECT users_ro...', NULL, NULL, Array)
#2 C:\xampp\htdocs\project\ci4starterkit\system\CodeIgniter.php(832): App\Controllers\Admin\Users->data()
#3 C:\xampp\htdocs\project\ci4starterkit\system\CodeIgniter.php(419): CodeIgniter\CodeIgniter->runController(Object(App\Controllers\Admin\Users))
#4 C:\xampp\htdocs\project\ci4starterkit\system\CodeIgniter.php(326): CodeIgniter\CodeIgniter->handleRequest(NULL, Object(Config\Cache), false)
#5 C:\xampp\htdocs\project\ci4starterkit\public\index.php(37): CodeIgniter\CodeIgniter->run()
#6 C:\xampp\htdocs\project\ci4starterkit\system\Commands\Server\rewrite.php(43): require_once('C:\\xampp\\htdocs...')
#7 {main}
CRITICAL - 2022-03-28 10:15:56 --> The action you requested is not allowed.
#0 C:\xampp\htdocs\project\ci4starterkit\system\Security\Security.php(289): CodeIgniter\Security\Exceptions\SecurityException::forDisallowedAction()
#1 C:\xampp\htdocs\project\ci4starterkit\system\Filters\CSRF.php(53): CodeIgniter\Security\Security->verify(Object(CodeIgniter\HTTP\IncomingRequest))
#2 C:\xampp\htdocs\project\ci4starterkit\system\Filters\Filters.php(173): CodeIgniter\Filters\CSRF->before(Object(CodeIgniter\HTTP\IncomingRequest), NULL)
#3 C:\xampp\htdocs\project\ci4starterkit\system\CodeIgniter.php(393): CodeIgniter\Filters\Filters->run('admin/users/dat...', 'before')
#4 C:\xampp\htdocs\project\ci4starterkit\system\CodeIgniter.php(326): CodeIgniter\CodeIgniter->handleRequest(NULL, Object(Config\Cache), false)
#5 C:\xampp\htdocs\project\ci4starterkit\public\index.php(37): CodeIgniter\CodeIgniter->run()
#6 C:\xampp\htdocs\project\ci4starterkit\system\Commands\Server\rewrite.php(43): require_once('C:\\xampp\\htdocs...')
#7 {main}
CRITICAL - 2022-03-28 10:20:46 --> The action you requested is not allowed.
#0 C:\xampp\htdocs\project\ci4starterkit\system\Security\Security.php(289): CodeIgniter\Security\Exceptions\SecurityException::forDisallowedAction()
#1 C:\xampp\htdocs\project\ci4starterkit\system\Filters\CSRF.php(53): CodeIgniter\Security\Security->verify(Object(CodeIgniter\HTTP\IncomingRequest))
#2 C:\xampp\htdocs\project\ci4starterkit\system\Filters\Filters.php(173): CodeIgniter\Filters\CSRF->before(Object(CodeIgniter\HTTP\IncomingRequest), NULL)
#3 C:\xampp\htdocs\project\ci4starterkit\system\CodeIgniter.php(393): CodeIgniter\Filters\Filters->run('admin/users/dat...', 'before')
#4 C:\xampp\htdocs\project\ci4starterkit\system\CodeIgniter.php(326): CodeIgniter\CodeIgniter->handleRequest(NULL, Object(Config\Cache), false)
#5 C:\xampp\htdocs\project\ci4starterkit\public\index.php(37): CodeIgniter\CodeIgniter->run()
#6 C:\xampp\htdocs\project\ci4starterkit\system\Commands\Server\rewrite.php(43): require_once('C:\\xampp\\htdocs...')
#7 {main}
CRITICAL - 2022-03-28 10:24:05 --> Undefined variable: form_csrf
#0 C:\xampp\htdocs\project\ci4starterkit\app\Views\components\ajax\ajax_form.php(51): CodeIgniter\Debug\Exceptions->errorHandler(8, 'Undefined varia...', 'C:\\xampp\\htdocs...', 51, Array)
#1 C:\xampp\htdocs\project\ci4starterkit\system\View\View.php(210): include('C:\\xampp\\htdocs...')
#2 C:\xampp\htdocs\project\ci4starterkit\system\View\View.php(213): CodeIgniter\View\View->CodeIgniter\View\{closure}()
#3 C:\xampp\htdocs\project\ci4starterkit\system\Common.php(1089): CodeIgniter\View\View->render('components/ajax...', Array, true)
#4 C:\xampp\htdocs\project\ci4starterkit\app\Views\contents\admin\users\js\profil_js.php(7): view('components/ajax...', Array)
#5 C:\xampp\htdocs\project\ci4starterkit\system\View\View.php(210): include('C:\\xampp\\htdocs...')
#6 C:\xampp\htdocs\project\ci4starterkit\system\View\View.php(213): CodeIgniter\View\View->CodeIgniter\View\{closure}()
#7 C:\xampp\htdocs\project\ci4starterkit\system\Common.php(1089): CodeIgniter\View\View->render('contents/admin/...', Array, true)
#8 C:\xampp\htdocs\project\ci4starterkit\app\Views\contents\admin\users\profil.php(69): view('contents/admin/...')
#9 C:\xampp\htdocs\project\ci4starterkit\system\View\View.php(210): include('C:\\xampp\\htdocs...')
#10 C:\xampp\htdocs\project\ci4starterkit\system\View\View.php(213): CodeIgniter\View\View->CodeIgniter\View\{closure}()
#11 C:\xampp\htdocs\project\ci4starterkit\system\Common.php(1089): CodeIgniter\View\View->render('contents/admin/...', Array, true)
#12 C:\xampp\htdocs\project\ci4starterkit\app\Views\layouts\admin.php(53): view('contents/admin/...')
#13 C:\xampp\htdocs\project\ci4starterkit\system\View\View.php(210): include('C:\\xampp\\htdocs...')
#14 C:\xampp\htdocs\project\ci4starterkit\system\View\View.php(213): CodeIgniter\View\View->CodeIgniter\View\{closure}()
#15 C:\xampp\htdocs\project\ci4starterkit\system\Common.php(1089): CodeIgniter\View\View->render('layouts/admin', Array, true)
#16 C:\xampp\htdocs\project\ci4starterkit\app\Controllers\admin\Users.php(48): view('layouts/admin', Array)
#17 C:\xampp\htdocs\project\ci4starterkit\system\CodeIgniter.php(832): App\Controllers\Admin\Users->profil()
#18 C:\xampp\htdocs\project\ci4starterkit\system\CodeIgniter.php(419): CodeIgniter\CodeIgniter->runController(Object(App\Controllers\Admin\Users))
#19 C:\xampp\htdocs\project\ci4starterkit\system\CodeIgniter.php(326): CodeIgniter\CodeIgniter->handleRequest(NULL, Object(Config\Cache), false)
#20 C:\xampp\htdocs\project\ci4starterkit\public\index.php(37): CodeIgniter\CodeIgniter->run()
#21 C:\xampp\htdocs\project\ci4starterkit\system\Commands\Server\rewrite.php(43): require_once('C:\\xampp\\htdocs...')
#22 {main}
CRITICAL - 2022-03-28 10:24:12 --> Undefined variable: form_csrf
#0 C:\xampp\htdocs\project\ci4starterkit\app\Views\components\ajax\ajax_form.php(51): CodeIgniter\Debug\Exceptions->errorHandler(8, 'Undefined varia...', 'C:\\xampp\\htdocs...', 51, Array)
#1 C:\xampp\htdocs\project\ci4starterkit\system\View\View.php(210): include('C:\\xampp\\htdocs...')
#2 C:\xampp\htdocs\project\ci4starterkit\system\View\View.php(213): CodeIgniter\View\View->CodeIgniter\View\{closure}()
#3 C:\xampp\htdocs\project\ci4starterkit\system\Common.php(1089): CodeIgniter\View\View->render('components/ajax...', Array, true)
#4 C:\xampp\htdocs\project\ci4starterkit\app\Views\contents\admin\users\js\profil_js.php(7): view('components/ajax...', Array)
#5 C:\xampp\htdocs\project\ci4starterkit\system\View\View.php(210): include('C:\\xampp\\htdocs...')
#6 C:\xampp\htdocs\project\ci4starterkit\system\View\View.php(213): CodeIgniter\View\View->CodeIgniter\View\{closure}()
#7 C:\xampp\htdocs\project\ci4starterkit\system\Common.php(1089): CodeIgniter\View\View->render('contents/admin/...', Array, true)
#8 C:\xampp\htdocs\project\ci4starterkit\app\Views\contents\admin\users\profil.php(69): view('contents/admin/...')
#9 C:\xampp\htdocs\project\ci4starterkit\system\View\View.php(210): include('C:\\xampp\\htdocs...')
#10 C:\xampp\htdocs\project\ci4starterkit\system\View\View.php(213): CodeIgniter\View\View->CodeIgniter\View\{closure}()
#11 C:\xampp\htdocs\project\ci4starterkit\system\Common.php(1089): CodeIgniter\View\View->render('contents/admin/...', Array, true)
#12 C:\xampp\htdocs\project\ci4starterkit\app\Views\layouts\admin.php(53): view('contents/admin/...')
#13 C:\xampp\htdocs\project\ci4starterkit\system\View\View.php(210): include('C:\\xampp\\htdocs...')
#14 C:\xampp\htdocs\project\ci4starterkit\system\View\View.php(213): CodeIgniter\View\View->CodeIgniter\View\{closure}()
#15 C:\xampp\htdocs\project\ci4starterkit\system\Common.php(1089): CodeIgniter\View\View->render('layouts/admin', Array, true)
#16 C:\xampp\htdocs\project\ci4starterkit\app\Controllers\admin\Users.php(48): view('layouts/admin', Array)
#17 C:\xampp\htdocs\project\ci4starterkit\system\CodeIgniter.php(832): App\Controllers\Admin\Users->profil()
#18 C:\xampp\htdocs\project\ci4starterkit\system\CodeIgniter.php(419): CodeIgniter\CodeIgniter->runController(Object(App\Controllers\Admin\Users))
#19 C:\xampp\htdocs\project\ci4starterkit\system\CodeIgniter.php(326): CodeIgniter\CodeIgniter->handleRequest(NULL, Object(Config\Cache), false)
#20 C:\xampp\htdocs\project\ci4starterkit\public\index.php(37): CodeIgniter\CodeIgniter->run()
#21 C:\xampp\htdocs\project\ci4starterkit\system\Commands\Server\rewrite.php(43): require_once('C:\\xampp\\htdocs...')
#22 {main}
CRITICAL - 2022-03-28 10:24:37 --> Undefined variable: form_csrf
#0 C:\xampp\htdocs\project\ci4starterkit\app\Views\components\ajax\ajax_form.php(51): CodeIgniter\Debug\Exceptions->errorHandler(8, 'Undefined varia...', 'C:\\xampp\\htdocs...', 51, Array)
#1 C:\xampp\htdocs\project\ci4starterkit\system\View\View.php(210): include('C:\\xampp\\htdocs...')
#2 C:\xampp\htdocs\project\ci4starterkit\system\View\View.php(213): CodeIgniter\View\View->CodeIgniter\View\{closure}()
#3 C:\xampp\htdocs\project\ci4starterkit\system\Common.php(1089): CodeIgniter\View\View->render('components/ajax...', Array, true)
#4 C:\xampp\htdocs\project\ci4starterkit\app\Views\contents\admin\users\js\profil_js.php(7): view('components/ajax...', Array)
#5 C:\xampp\htdocs\project\ci4starterkit\system\View\View.php(210): include('C:\\xampp\\htdocs...')
#6 C:\xampp\htdocs\project\ci4starterkit\system\View\View.php(213): CodeIgniter\View\View->CodeIgniter\View\{closure}()
#7 C:\xampp\htdocs\project\ci4starterkit\system\Common.php(1089): CodeIgniter\View\View->render('contents/admin/...', Array, true)
#8 C:\xampp\htdocs\project\ci4starterkit\app\Views\contents\admin\users\profil.php(69): view('contents/admin/...')
#9 C:\xampp\htdocs\project\ci4starterkit\system\View\View.php(210): include('C:\\xampp\\htdocs...')
#10 C:\xampp\htdocs\project\ci4starterkit\system\View\View.php(213): CodeIgniter\View\View->CodeIgniter\View\{closure}()
#11 C:\xampp\htdocs\project\ci4starterkit\system\Common.php(1089): CodeIgniter\View\View->render('contents/admin/...', Array, true)
#12 C:\xampp\htdocs\project\ci4starterkit\app\Views\layouts\admin.php(53): view('contents/admin/...')
#13 C:\xampp\htdocs\project\ci4starterkit\system\View\View.php(210): include('C:\\xampp\\htdocs...')
#14 C:\xampp\htdocs\project\ci4starterkit\system\View\View.php(213): CodeIgniter\View\View->CodeIgniter\View\{closure}()
#15 C:\xampp\htdocs\project\ci4starterkit\system\Common.php(1089): CodeIgniter\View\View->render('layouts/admin', Array, true)
#16 C:\xampp\htdocs\project\ci4starterkit\app\Controllers\admin\Users.php(48): view('layouts/admin', Array)
#17 C:\xampp\htdocs\project\ci4starterkit\system\CodeIgniter.php(832): App\Controllers\Admin\Users->profil()
#18 C:\xampp\htdocs\project\ci4starterkit\system\CodeIgniter.php(419): CodeIgniter\CodeIgniter->runController(Object(App\Controllers\Admin\Users))
#19 C:\xampp\htdocs\project\ci4starterkit\system\CodeIgniter.php(326): CodeIgniter\CodeIgniter->handleRequest(NULL, Object(Config\Cache), false)
#20 C:\xampp\htdocs\project\ci4starterkit\public\index.php(37): CodeIgniter\CodeIgniter->run()
#21 C:\xampp\htdocs\project\ci4starterkit\system\Commands\Server\rewrite.php(43): require_once('C:\\xampp\\htdocs...')
#22 {main}
CRITICAL - 2022-03-28 10:24:40 --> Undefined variable: form_csrf
#0 C:\xampp\htdocs\project\ci4starterkit\app\Views\components\ajax\ajax_form.php(51): CodeIgniter\Debug\Exceptions->errorHandler(8, 'Undefined varia...', 'C:\\xampp\\htdocs...', 51, Array)
#1 C:\xampp\htdocs\project\ci4starterkit\system\View\View.php(210): include('C:\\xampp\\htdocs...')
#2 C:\xampp\htdocs\project\ci4starterkit\system\View\View.php(213): CodeIgniter\View\View->CodeIgniter\View\{closure}()
#3 C:\xampp\htdocs\project\ci4starterkit\system\Common.php(1089): CodeIgniter\View\View->render('components/ajax...', Array, true)
#4 C:\xampp\htdocs\project\ci4starterkit\app\Views\contents\admin\users\js\profil_js.php(7): view('components/ajax...', Array)
#5 C:\xampp\htdocs\project\ci4starterkit\system\View\View.php(210): include('C:\\xampp\\htdocs...')
#6 C:\xampp\htdocs\project\ci4starterkit\system\View\View.php(213): CodeIgniter\View\View->CodeIgniter\View\{closure}()
#7 C:\xampp\htdocs\project\ci4starterkit\system\Common.php(1089): CodeIgniter\View\View->render('contents/admin/...', Array, true)
#8 C:\xampp\htdocs\project\ci4starterkit\app\Views\contents\admin\users\profil.php(69): view('contents/admin/...')
#9 C:\xampp\htdocs\project\ci4starterkit\system\View\View.php(210): include('C:\\xampp\\htdocs...')
#10 C:\xampp\htdocs\project\ci4starterkit\system\View\View.php(213): CodeIgniter\View\View->CodeIgniter\View\{closure}()
#11 C:\xampp\htdocs\project\ci4starterkit\system\Common.php(1089): CodeIgniter\View\View->render('contents/admin/...', Array, true)
#12 C:\xampp\htdocs\project\ci4starterkit\app\Views\layouts\admin.php(53): view('contents/admin/...')
#13 C:\xampp\htdocs\project\ci4starterkit\system\View\View.php(210): include('C:\\xampp\\htdocs...')
#14 C:\xampp\htdocs\project\ci4starterkit\system\View\View.php(213): CodeIgniter\View\View->CodeIgniter\View\{closure}()
#15 C:\xampp\htdocs\project\ci4starterkit\system\Common.php(1089): CodeIgniter\View\View->render('layouts/admin', Array, true)
#16 C:\xampp\htdocs\project\ci4starterkit\app\Controllers\admin\Users.php(48): view('layouts/admin', Array)
#17 C:\xampp\htdocs\project\ci4starterkit\system\CodeIgniter.php(832): App\Controllers\Admin\Users->profil()
#18 C:\xampp\htdocs\project\ci4starterkit\system\CodeIgniter.php(419): CodeIgniter\CodeIgniter->runController(Object(App\Controllers\Admin\Users))
#19 C:\xampp\htdocs\project\ci4starterkit\system\CodeIgniter.php(326): CodeIgniter\CodeIgniter->handleRequest(NULL, Object(Config\Cache), false)
#20 C:\xampp\htdocs\project\ci4starterkit\public\index.php(37): CodeIgniter\CodeIgniter->run()
#21 C:\xampp\htdocs\project\ci4starterkit\system\Commands\Server\rewrite.php(43): require_once('C:\\xampp\\htdocs...')
#22 {main}
CRITICAL - 2022-03-28 10:24:46 --> Undefined variable: form_csrf
#0 C:\xampp\htdocs\project\ci4starterkit\app\Views\components\ajax\ajax_form.php(51): CodeIgniter\Debug\Exceptions->errorHandler(8, 'Undefined varia...', 'C:\\xampp\\htdocs...', 51, Array)
#1 C:\xampp\htdocs\project\ci4starterkit\system\View\View.php(210): include('C:\\xampp\\htdocs...')
#2 C:\xampp\htdocs\project\ci4starterkit\system\View\View.php(213): CodeIgniter\View\View->CodeIgniter\View\{closure}()
#3 C:\xampp\htdocs\project\ci4starterkit\system\Common.php(1089): CodeIgniter\View\View->render('components/ajax...', Array, true)
#4 C:\xampp\htdocs\project\ci4starterkit\app\Views\contents\admin\users\js\profil_js.php(7): view('components/ajax...', Array)
#5 C:\xampp\htdocs\project\ci4starterkit\system\View\View.php(210): include('C:\\xampp\\htdocs...')
#6 C:\xampp\htdocs\project\ci4starterkit\system\View\View.php(213): CodeIgniter\View\View->CodeIgniter\View\{closure}()
#7 C:\xampp\htdocs\project\ci4starterkit\system\Common.php(1089): CodeIgniter\View\View->render('contents/admin/...', Array, true)
#8 C:\xampp\htdocs\project\ci4starterkit\app\Views\contents\admin\users\profil.php(69): view('contents/admin/...')
#9 C:\xampp\htdocs\project\ci4starterkit\system\View\View.php(210): include('C:\\xampp\\htdocs...')
#10 C:\xampp\htdocs\project\ci4starterkit\system\View\View.php(213): CodeIgniter\View\View->CodeIgniter\View\{closure}()
#11 C:\xampp\htdocs\project\ci4starterkit\system\Common.php(1089): CodeIgniter\View\View->render('contents/admin/...', Array, true)
#12 C:\xampp\htdocs\project\ci4starterkit\app\Views\layouts\admin.php(53): view('contents/admin/...')
#13 C:\xampp\htdocs\project\ci4starterkit\system\View\View.php(210): include('C:\\xampp\\htdocs...')
#14 C:\xampp\htdocs\project\ci4starterkit\system\View\View.php(213): CodeIgniter\View\View->CodeIgniter\View\{closure}()
#15 C:\xampp\htdocs\project\ci4starterkit\system\Common.php(1089): CodeIgniter\View\View->render('layouts/admin', Array, true)
#16 C:\xampp\htdocs\project\ci4starterkit\app\Controllers\admin\Users.php(48): view('layouts/admin', Array)
#17 C:\xampp\htdocs\project\ci4starterkit\system\CodeIgniter.php(832): App\Controllers\Admin\Users->profil()
#18 C:\xampp\htdocs\project\ci4starterkit\system\CodeIgniter.php(419): CodeIgniter\CodeIgniter->runController(Object(App\Controllers\Admin\Users))
#19 C:\xampp\htdocs\project\ci4starterkit\system\CodeIgniter.php(326): CodeIgniter\CodeIgniter->handleRequest(NULL, Object(Config\Cache), false)
#20 C:\xampp\htdocs\project\ci4starterkit\public\index.php(37): CodeIgniter\CodeIgniter->run()
#21 C:\xampp\htdocs\project\ci4starterkit\system\Commands\Server\rewrite.php(43): require_once('C:\\xampp\\htdocs...')
#22 {main}
CRITICAL - 2022-03-28 10:25:00 --> Undefined variable: form_csrf
#0 C:\xampp\htdocs\project\ci4starterkit\app\Views\components\ajax\ajax_form.php(51): CodeIgniter\Debug\Exceptions->errorHandler(8, 'Undefined varia...', 'C:\\xampp\\htdocs...', 51, Array)
#1 C:\xampp\htdocs\project\ci4starterkit\system\View\View.php(210): include('C:\\xampp\\htdocs...')
#2 C:\xampp\htdocs\project\ci4starterkit\system\View\View.php(213): CodeIgniter\View\View->CodeIgniter\View\{closure}()
#3 C:\xampp\htdocs\project\ci4starterkit\system\Common.php(1089): CodeIgniter\View\View->render('components/ajax...', Array, true)
#4 C:\xampp\htdocs\project\ci4starterkit\app\Views\contents\admin\users\js\profil_js.php(7): view('components/ajax...', Array)
#5 C:\xampp\htdocs\project\ci4starterkit\system\View\View.php(210): include('C:\\xampp\\htdocs...')
#6 C:\xampp\htdocs\project\ci4starterkit\system\View\View.php(213): CodeIgniter\View\View->CodeIgniter\View\{closure}()
#7 C:\xampp\htdocs\project\ci4starterkit\system\Common.php(1089): CodeIgniter\View\View->render('contents/admin/...', Array, true)
#8 C:\xampp\htdocs\project\ci4starterkit\app\Views\contents\admin\users\profil.php(69): view('contents/admin/...')
#9 C:\xampp\htdocs\project\ci4starterkit\system\View\View.php(210): include('C:\\xampp\\htdocs...')
#10 C:\xampp\htdocs\project\ci4starterkit\system\View\View.php(213): CodeIgniter\View\View->CodeIgniter\View\{closure}()
#11 C:\xampp\htdocs\project\ci4starterkit\system\Common.php(1089): CodeIgniter\View\View->render('contents/admin/...', Array, true)
#12 C:\xampp\htdocs\project\ci4starterkit\app\Views\layouts\admin.php(53): view('contents/admin/...')
#13 C:\xampp\htdocs\project\ci4starterkit\system\View\View.php(210): include('C:\\xampp\\htdocs...')
#14 C:\xampp\htdocs\project\ci4starterkit\system\View\View.php(213): CodeIgniter\View\View->CodeIgniter\View\{closure}()
#15 C:\xampp\htdocs\project\ci4starterkit\system\Common.php(1089): CodeIgniter\View\View->render('layouts/admin', Array, true)
#16 C:\xampp\htdocs\project\ci4starterkit\app\Controllers\admin\Users.php(48): view('layouts/admin', Array)
#17 C:\xampp\htdocs\project\ci4starterkit\system\CodeIgniter.php(832): App\Controllers\Admin\Users->profil()
#18 C:\xampp\htdocs\project\ci4starterkit\system\CodeIgniter.php(419): CodeIgniter\CodeIgniter->runController(Object(App\Controllers\Admin\Users))
#19 C:\xampp\htdocs\project\ci4starterkit\system\CodeIgniter.php(326): CodeIgniter\CodeIgniter->handleRequest(NULL, Object(Config\Cache), false)
#20 C:\xampp\htdocs\project\ci4starterkit\public\index.php(37): CodeIgniter\CodeIgniter->run()
#21 C:\xampp\htdocs\project\ci4starterkit\system\Commands\Server\rewrite.php(43): require_once('C:\\xampp\\htdocs...')
#22 {main}
